#
# There is insufficient memory for the Java Runtime Environment to continue.
# Native memory allocation (malloc) failed to allocate 261136 bytes. Error detail: Chunk::new
# Possible reasons:
#   The system is out of physical RAM or swap space
#   This process is running with CompressedOops enabled, and the Java Heap may be blocking the growth of the native heap
# Possible solutions:
#   Reduce memory load on the system
#   Increase physical memory or swap space
#   Check if swap backing store is full
#   Decrease Java heap size (-Xmx/-Xms)
#   Decrease number of Java threads
#   Decrease Java thread stack sizes (-Xss)
#   Set larger code cache with -XX:ReservedCodeCacheSize=
#   JVM is running with Unscaled Compressed Oops mode in which the Java heap is
#     placed in the first 4GB address space. The Java Heap base address is the
#     maximum limit for the native heap growth. Please use -XX:HeapBaseMinAddress
#     to set the Java Heap base and to place the Java Heap above 4GB virtual address.
# This output file may be truncated or incomplete.
#
#  Out of Memory Error (arena.cpp:168), pid=9240, tid=7204
#
# JRE version: OpenJDK Runtime Environment Temurin-21.0.10+7 (21.0.10+7) (build 21.0.10+7-LTS)
# Java VM: OpenJDK 64-Bit Server VM Temurin-21.0.10+7 (21.0.10+7-LTS, mixed mode, sharing, tiered, compressed oops, compressed class ptrs, parallel gc, windows-amd64)
# No core dump will be written. Minidumps are not enabled by default on client versions of Windows
#

---------------  S U M M A R Y ------------

Command Line: --add-modules=ALL-SYSTEM --add-opens=java.base/java.util=ALL-UNNAMED --add-opens=java.base/java.lang=ALL-UNNAMED --add-opens=java.base/sun.nio.fs=ALL-UNNAMED -Declipse.application=org.eclipse.jdt.ls.core.id1 -Dosgi.bundles.defaultStartLevel=4 -Declipse.product=org.eclipse.jdt.ls.core.product -Djava.import.generatesMetadataFilesAtProjectRoot=false -DDetectVMInstallationsJob.disabled=true -Dfile.encoding=utf8 -XX:+UseParallelGC -XX:GCTimeRatio=4 -XX:AdaptiveSizePolicyWeight=90 -Dsun.zip.disableMemoryMapping=true -Xmx2G -Xms100m -Xlog:disable -javaagent:c:\Users\HP\.vscode\extensions\redhat.java-1.54.0-win32-x64\lombok\lombok-1.18.39-4050.jar -XX:+HeapDumpOnOutOfMemoryError -XX:HeapDumpPath=c:\Users\HP\AppData\Roaming\Code\User\workspaceStorage\689e11271c5e45e4975d25ebac17d9ed\redhat.java -Daether.dependencyCollector.impl=bf c:\Users\HP\.vscode\extensions\redhat.java-1.54.0-win32-x64\server\plugins\org.eclipse.equinox.launcher_1.7.100.v20251111-0406.jar -configuration c:\Users\HP\AppData\Roaming\Code\User\globalStorage\redhat.java\1.54.0\config_win -data c:\Users\HP\AppData\Roaming\Code\User\workspaceStorage\689e11271c5e45e4975d25ebac17d9ed\redhat.java\jdt_ws --pipe=\\.\pipe\lsp-b408afc47676d1ccb840393231779850-sock

Host: Intel(R) Core(TM) i5-8365U CPU @ 1.60GHz, 8 cores, 7G,  Windows 11 , 64 bit Build 26100 (10.0.26100.7309)
Time: Mon May 18 16:00:08 2026 elapsed time: 66.029255 seconds (0d 0h 1m 6s)

---------------  T H R E A D  ---------------

Current thread (0x000002b5c77350e0):  JavaThread "C2 CompilerThread0" daemon [_thread_in_native, id=7204, stack(0x000000cb45000000,0x000000cb45100000) (1024K)]


Current CompileTask:
C2:66029 3367       4       java.util.Properties::loadConvert (540 bytes)

Stack: [0x000000cb45000000,0x000000cb45100000]
Native frames: (J=compiled Java code, j=interpreted, Vv=VM code, C=native code)
V  [jvm.dll+0x6d7a39]
V  [jvm.dll+0x8b4b26]
V  [jvm.dll+0x8b70de]
V  [jvm.dll+0x8b77c3]
V  [jvm.dll+0x284346]
V  [jvm.dll+0xc66ed]
V  [jvm.dll+0xc6c31]
V  [jvm.dll+0x3bec01]
V  [jvm.dll+0x38b162]
V  [jvm.dll+0x38a5aa]
V  [jvm.dll+0x24c560]
V  [jvm.dll+0x24bb40]
V  [jvm.dll+0x1cb34e]
V  [jvm.dll+0x25b85d]
V  [jvm.dll+0x259dea]
V  [jvm.dll+0x3f857e]
V  [jvm.dll+0x85f59d]
V  [jvm.dll+0x6d626d]
C  [ucrtbase.dll+0x37b0]
C  [KERNEL32.DLL+0x2e8d7]
C  [ntdll.dll+0x8c53c]


---------------  P R O C E S S  ---------------

Threads class SMR info:
_java_thread_list=0x000002b5e42ab7a0, length=18, elements={
0x000002b5c77c6050, 0x000002b5c7872ef0, 0x000002b5c7877440, 0x000002b5c787afb0,
0x000002b5c787bc10, 0x000002b5c787e780, 0x000002b5c7734350, 0x000002b5c77350e0,
0x000002b5dfa6e560, 0x000002b5dfbc3d20, 0x000002b5dfd43920, 0x000002b5e4332190,
0x000002b5e45875e0, 0x000002b5e4574300, 0x000002b5e43f6930, 0x000002b5e4698ac0,
0x000002b5e4d1a140, 0x000002b5e4112b60
}

Java Threads: ( => current thread )
  0x000002b5c77c6050 JavaThread "main"                              [_thread_blocked, id=16300, stack(0x000000cb44600000,0x000000cb44700000) (1024K)]
  0x000002b5c7872ef0 JavaThread "Reference Handler"          daemon [_thread_blocked, id=15748, stack(0x000000cb44a00000,0x000000cb44b00000) (1024K)]
  0x000002b5c7877440 JavaThread "Finalizer"                  daemon [_thread_blocked, id=18944, stack(0x000000cb44b00000,0x000000cb44c00000) (1024K)]
  0x000002b5c787afb0 JavaThread "Signal Dispatcher"          daemon [_thread_blocked, id=8984, stack(0x000000cb44c00000,0x000000cb44d00000) (1024K)]
  0x000002b5c787bc10 JavaThread "Attach Listener"            daemon [_thread_blocked, id=14568, stack(0x000000cb44d00000,0x000000cb44e00000) (1024K)]
  0x000002b5c787e780 JavaThread "Service Thread"             daemon [_thread_blocked, id=16876, stack(0x000000cb44e00000,0x000000cb44f00000) (1024K)]
  0x000002b5c7734350 JavaThread "Monitor Deflation Thread"   daemon [_thread_blocked, id=18824, stack(0x000000cb44f00000,0x000000cb45000000) (1024K)]
=>0x000002b5c77350e0 JavaThread "C2 CompilerThread0"         daemon [_thread_in_native, id=7204, stack(0x000000cb45000000,0x000000cb45100000) (1024K)]
  0x000002b5dfa6e560 JavaThread "C1 CompilerThread0"         daemon [_thread_in_vm, id=16452, stack(0x000000cb45100000,0x000000cb45200000) (1024K)]
  0x000002b5dfbc3d20 JavaThread "Common-Cleaner"             daemon [_thread_blocked, id=18980, stack(0x000000cb45300000,0x000000cb45400000) (1024K)]
  0x000002b5dfd43920 JavaThread "Notification Thread"        daemon [_thread_blocked, id=19620, stack(0x000000cb45200000,0x000000cb45300000) (1024K)]
  0x000002b5e4332190 JavaThread "Active Thread: Equinox Container: b97f8d3d-cbd0-4074-bb36-2fffcc65041d"        [_thread_blocked, id=20056, stack(0x000000cb45400000,0x000000cb45500000) (1024K)]
  0x000002b5e45875e0 JavaThread "Refresh Thread: Equinox Container: b97f8d3d-cbd0-4074-bb36-2fffcc65041d" daemon [_thread_blocked, id=19560, stack(0x000000cb45c00000,0x000000cb45d00000) (1024K)]
  0x000002b5e4574300 JavaThread "Framework Event Dispatcher: Equinox Container: b97f8d3d-cbd0-4074-bb36-2fffcc65041d" daemon [_thread_blocked, id=4016, stack(0x000000cb45d00000,0x000000cb45e00000) (1024K)]
  0x000002b5e43f6930 JavaThread "Start Level: Equinox Container: b97f8d3d-cbd0-4074-bb36-2fffcc65041d" daemon [_thread_in_Java, id=16376, stack(0x000000cb45e00000,0x000000cb45f00000) (1024K)]
  0x000002b5e4698ac0 JavaThread "Bundle File Closer"         daemon [_thread_blocked, id=4152, stack(0x000000cb46000000,0x000000cb46100000) (1024K)]
  0x000002b5e4d1a140 JavaThread "SCR Component Actor"        daemon [_thread_blocked, id=16940, stack(0x000000cb44400000,0x000000cb44500000) (1024K)]
  0x000002b5e4112b60 JavaThread "Worker-JM"                         [_thread_blocked, id=9368, stack(0x000000cb46100000,0x000000cb46200000) (1024K)]
Total: 18

Other Threads:
  0x000002b5c785fb40 VMThread "VM Thread"                           [id=9876, stack(0x000000cb44900000,0x000000cb44a00000) (1024K)]
  0x000002b5c764ba00 WatcherThread "VM Periodic Task Thread"        [id=16596, stack(0x000000cb44800000,0x000000cb44900000) (1024K)]
  0x000002b5c77e34e0 WorkerThread "GC Thread#0"                     [id=7608, stack(0x000000cb44700000,0x000000cb44800000) (1024K)]
  0x000002b5e428a9f0 WorkerThread "GC Thread#1"                     [id=19952, stack(0x000000cb45500000,0x000000cb45600000) (1024K)]
  0x000002b5e45cc820 WorkerThread "GC Thread#2"                     [id=19960, stack(0x000000cb45600000,0x000000cb45700000) (1024K)]
  0x000002b5e45ccbd0 WorkerThread "GC Thread#3"                     [id=19964, stack(0x000000cb45700000,0x000000cb45800000) (1024K)]
  0x000002b5e4546080 WorkerThread "GC Thread#4"                     [id=19968, stack(0x000000cb45800000,0x000000cb45900000) (1024K)]
  0x000002b5e4546430 WorkerThread "GC Thread#5"                     [id=19972, stack(0x000000cb45900000,0x000000cb45a00000) (1024K)]
  0x000002b5e45467e0 WorkerThread "GC Thread#6"                     [id=19976, stack(0x000000cb45a00000,0x000000cb45b00000) (1024K)]
  0x000002b5e4336af0 WorkerThread "GC Thread#7"                     [id=6608, stack(0x000000cb45b00000,0x000000cb45c00000) (1024K)]
Total: 10

Threads with active compile tasks:
C2 CompilerThread0  66081 3367       4       java.util.Properties::loadConvert (540 bytes)
C1 CompilerThread0  66081 3378       3       java.lang.invoke.LambdaFormEditor::bindArgumentType (101 bytes)
Total: 2

VM state: not at safepoint (normal execution)

VM Mutex/Monitor currently owned by a thread: None

Heap address: 0x0000000080000000, size: 2048 MB, Compressed Oops mode: 32-bit

CDS archive(s) mapped at: [0x000002b580000000-0x000002b580ba0000-0x000002b580ba0000), size 12189696, SharedBaseAddress: 0x000002b580000000, ArchiveRelocationMode: 1.
Compressed class space mapped at: 0x000002b581000000-0x000002b5c1000000, reserved size: 1073741824
Narrow klass base: 0x000002b580000000, Narrow klass shift: 0, Narrow klass range: 0x100000000

GC Precious Log:
 CardTable entry size: 512
 CPUs: 8 total, 8 available
 Memory: 7998M
 Large Page Support: Disabled
 NUMA Support: Disabled
 Compressed Oops: Enabled (32-bit)
 Alignments: Space 512K, Generation 512K, Heap 2M
 Heap Min Capacity: 100M
 Heap Initial Capacity: 100M
 Heap Max Capacity: 2G
 Pre-touch: Disabled
 Parallel Workers: 8

Heap:
 PSYoungGen      total 29184K, used 8696K [0x00000000d5580000, 0x00000000d7900000, 0x0000000100000000)
  eden space 25088K, 18% used [0x00000000d5580000,0x00000000d5a03650,0x00000000d6e00000)
  from space 4096K, 99% used [0x00000000d6e80000,0x00000000d727aa98,0x00000000d7280000)
  to   space 5632K, 0% used [0x00000000d7380000,0x00000000d7380000,0x00000000d7900000)
 ParOldGen       total 68608K, used 7879K [0x0000000080000000, 0x0000000084300000, 0x00000000d5580000)
  object space 68608K, 11% used [0x0000000080000000,0x00000000807b1f38,0x0000000084300000)
 Metaspace       used 14976K, committed 15488K, reserved 1114112K
  class space    used 1518K, committed 1728K, reserved 1048576K

Card table byte_map: [0x000002b5c7160000,0x000002b5c7570000] _byte_map_base: 0x000002b5c6d60000

Marking Bits: (ParMarkBitMap*) 0x00007ff851e83450
 Begin Bits: [0x000002b5d9c70000, 0x000002b5dbc70000)
 End Bits:   [0x000002b5dbc70000, 0x000002b5ddc70000)

Polling page: 0x000002b5c5810000

Metaspace:

Usage:
  Non-class:     13.14 MB used.
      Class:      1.48 MB used.
       Both:     14.63 MB used.

Virtual space:
  Non-class space:       64.00 MB reserved,      13.44 MB ( 21%) committed,  1 nodes.
      Class space:        1.00 GB reserved,       1.69 MB ( <1%) committed,  1 nodes.
             Both:        1.06 GB reserved,      15.12 MB (  1%) committed. 

Chunk freelists:
   Non-Class:  2.25 MB
       Class:  14.14 MB
        Both:  16.39 MB

MaxMetaspaceSize: unlimited
CompressedClassSpaceSize: 1.00 GB
Initial GC threshold: 21.00 MB
Current GC threshold: 21.00 MB
CDS: on
 - commit_granule_bytes: 65536.
 - commit_granule_words: 8192.
 - virtual_space_node_default_size: 8388608.
 - enlarge_chunks_in_place: 1.
 - use_allocation_guard: 0.


Internal statistics:

num_allocs_failed_limit: 0.
num_arena_births: 362.
num_arena_deaths: 0.
num_vsnodes_births: 2.
num_vsnodes_deaths: 0.
num_space_committed: 242.
num_space_uncommitted: 0.
num_chunks_returned_to_freelist: 0.
num_chunks_taken_from_freelist: 849.
num_chunk_merges: 0.
num_chunk_splits: 525.
num_chunks_enlarged: 342.
num_inconsistent_stats: 0.

CodeHeap 'non-profiled nmethods': size=120000Kb used=1582Kb max_used=1582Kb free=118418Kb
 bounds [0x000002b5d2490000, 0x000002b5d2700000, 0x000002b5d99c0000]
CodeHeap 'profiled nmethods': size=120000Kb used=6995Kb max_used=6995Kb free=113004Kb
 bounds [0x000002b5ca9c0000, 0x000002b5cb0a0000, 0x000002b5d1ef0000]
CodeHeap 'non-nmethods': size=5760Kb used=1248Kb max_used=1282Kb free=4511Kb
 bounds [0x000002b5d1ef0000, 0x000002b5d2160000, 0x000002b5d2490000]
CodeCache: size=245760Kb, used=9825Kb, max_used=9859Kb, free=235933Kb
 total_blobs=3900, nmethods=3380, adapters=426, full_count=0
Compilation: enabled, stopped_count=0, restarted_count=0

Compilation events (20 events):
Event: 65.990 Thread 0x000002b5dfa6e560 nmethod 3361 0x000002b5cb08ac90 code [0x000002b5cb08aea0, 0x000002b5cb08b510]
Event: 65.994 Thread 0x000002b5c77350e0 3362       4       java.util.ArrayList$SubList$1::hasNext (20 bytes)
Event: 65.995 Thread 0x000002b5c77350e0 nmethod 3362 0x000002b5d261b210 code [0x000002b5d261b3a0, 0x000002b5d261b458]
Event: 65.996 Thread 0x000002b5dfa6e560 3363       3       jdk.internal.reflect.ReflectionFactory::copyField (11 bytes)
Event: 65.996 Thread 0x000002b5dfa6e560 nmethod 3363 0x000002b5cb08b890 code [0x000002b5cb08ba40, 0x000002b5cb08bc28]
Event: 65.996 Thread 0x000002b5dfa6e560 3364       3       java.lang.reflect.ReflectAccess::copyField (5 bytes)
Event: 65.996 Thread 0x000002b5dfa6e560 nmethod 3364 0x000002b5cb08bd90 code [0x000002b5cb08bf40, 0x000002b5cb08c080]
Event: 65.996 Thread 0x000002b5dfa6e560 3365       3       java.lang.reflect.Field::copy (80 bytes)
Event: 65.996 Thread 0x000002b5dfa6e560 nmethod 3365 0x000002b5cb08c190 code [0x000002b5cb08c360, 0x000002b5cb08c6a0]
Event: 65.996 Thread 0x000002b5dfa6e560 3366       3       java.lang.reflect.Field::<init> (50 bytes)
Event: 65.997 Thread 0x000002b5dfa6e560 nmethod 3366 0x000002b5cb08c790 code [0x000002b5cb08c940, 0x000002b5cb08cb98]
Event: 65.998 Thread 0x000002b5c77350e0 3367       4       java.util.Properties::loadConvert (540 bytes)
Event: 65.999 Thread 0x000002b5dfa6e560 3368       3       java.lang.invoke.DirectMethodHandle::preparedFieldLambdaForm (180 bytes)
Event: 66.000 Thread 0x000002b5dfa6e560 nmethod 3368 0x000002b5cb08cc90 code [0x000002b5cb08cee0, 0x000002b5cb08d608]
Event: 66.000 Thread 0x000002b5dfa6e560 3371       3       java.lang.invoke.DirectMethodHandle$StaticAccessor::<init> (30 bytes)
Event: 66.000 Thread 0x000002b5dfa6e560 nmethod 3371 0x000002b5cb08d910 code [0x000002b5cb08dac0, 0x000002b5cb08dca0]
Event: 66.000 Thread 0x000002b5dfa6e560 3370       3       java.lang.invoke.MethodHandleImpl$1::unreflectField (22 bytes)
Event: 66.001 Thread 0x000002b5dfa6e560 nmethod 3370 0x000002b5cb08de10 code [0x000002b5cb08dfe0, 0x000002b5cb08e288]
Event: 66.001 Thread 0x000002b5dfa6e560 3369       1       java.lang.reflect.Field::getRoot (5 bytes)
Event: 66.001 Thread 0x000002b5dfa6e560 nmethod 3369 0x000002b5d261b510 code [0x000002b5d261b6a0, 0x000002b5d261b768]

GC Heap History (10 events):
Event: 2.786 GC heap before
{Heap before GC invocations=1 (full 0):
 PSYoungGen      total 29696K, used 25600K [0x00000000d5580000, 0x00000000d7680000, 0x0000000100000000)
  eden space 25600K, 100% used [0x00000000d5580000,0x00000000d6e80000,0x00000000d6e80000)
  from space 4096K, 0% used [0x00000000d7280000,0x00000000d7280000,0x00000000d7680000)
  to   space 4096K, 0% used [0x00000000d6e80000,0x00000000d6e80000,0x00000000d7280000)
 ParOldGen       total 68608K, used 0K [0x0000000080000000, 0x0000000084300000, 0x00000000d5580000)
  object space 68608K, 0% used [0x0000000080000000,0x0000000080000000,0x0000000084300000)
 Metaspace       used 4339K, committed 4608K, reserved 1114112K
  class space    used 474K, committed 576K, reserved 1048576K
}
Event: 2.804 GC heap after
{Heap after GC invocations=1 (full 0):
 PSYoungGen      total 29696K, used 3303K [0x00000000d5580000, 0x00000000d7680000, 0x0000000100000000)
  eden space 25600K, 0% used [0x00000000d5580000,0x00000000d5580000,0x00000000d6e80000)
  from space 4096K, 80% used [0x00000000d6e80000,0x00000000d71b9e98,0x00000000d7280000)
  to   space 4096K, 0% used [0x00000000d7280000,0x00000000d7280000,0x00000000d7680000)
 ParOldGen       total 68608K, used 8K [0x0000000080000000, 0x0000000084300000, 0x00000000d5580000)
  object space 68608K, 0% used [0x0000000080000000,0x0000000080002000,0x0000000084300000)
 Metaspace       used 4339K, committed 4608K, reserved 1114112K
  class space    used 474K, committed 576K, reserved 1048576K
}
Event: 32.275 GC heap before
{Heap before GC invocations=2 (full 0):
 PSYoungGen      total 29696K, used 28903K [0x00000000d5580000, 0x00000000d7680000, 0x0000000100000000)
  eden space 25600K, 100% used [0x00000000d5580000,0x00000000d6e80000,0x00000000d6e80000)
  from space 4096K, 80% used [0x00000000d6e80000,0x00000000d71b9e98,0x00000000d7280000)
  to   space 4096K, 0% used [0x00000000d7280000,0x00000000d7280000,0x00000000d7680000)
 ParOldGen       total 68608K, used 8K [0x0000000080000000, 0x0000000084300000, 0x00000000d5580000)
  object space 68608K, 0% used [0x0000000080000000,0x0000000080002000,0x0000000084300000)
 Metaspace       used 7981K, committed 8256K, reserved 1114112K
  class space    used 831K, committed 960K, reserved 1048576K
}
Event: 32.311 GC heap after
{Heap after GC invocations=2 (full 0):
 PSYoungGen      total 29696K, used 4080K [0x00000000d5580000, 0x00000000d7680000, 0x0000000100000000)
  eden space 25600K, 0% used [0x00000000d5580000,0x00000000d5580000,0x00000000d6e80000)
  from space 4096K, 99% used [0x00000000d7280000,0x00000000d767c148,0x00000000d7680000)
  to   space 4096K, 0% used [0x00000000d6e80000,0x00000000d6e80000,0x00000000d7280000)
 ParOldGen       total 68608K, used 2102K [0x0000000080000000, 0x0000000084300000, 0x00000000d5580000)
  object space 68608K, 3% used [0x0000000080000000,0x000000008020d840,0x0000000084300000)
 Metaspace       used 7981K, committed 8256K, reserved 1114112K
  class space    used 831K, committed 960K, reserved 1048576K
}
Event: 43.197 GC heap before
{Heap before GC invocations=3 (full 0):
 PSYoungGen      total 29696K, used 29680K [0x00000000d5580000, 0x00000000d7680000, 0x0000000100000000)
  eden space 25600K, 100% used [0x00000000d5580000,0x00000000d6e80000,0x00000000d6e80000)
  from space 4096K, 99% used [0x00000000d7280000,0x00000000d767c148,0x00000000d7680000)
  to   space 4096K, 0% used [0x00000000d6e80000,0x00000000d6e80000,0x00000000d7280000)
 ParOldGen       total 68608K, used 2102K [0x0000000080000000, 0x0000000084300000, 0x00000000d5580000)
  object space 68608K, 3% used [0x0000000080000000,0x000000008020d840,0x0000000084300000)
 Metaspace       used 9489K, committed 9792K, reserved 1114112K
  class space    used 1015K, committed 1152K, reserved 1048576K
}
Event: 43.208 GC heap after
{Heap after GC invocations=3 (full 0):
 PSYoungGen      total 29696K, used 4087K [0x00000000d5580000, 0x00000000d7680000, 0x0000000100000000)
  eden space 25600K, 0% used [0x00000000d5580000,0x00000000d5580000,0x00000000d6e80000)
  from space 4096K, 99% used [0x00000000d6e80000,0x00000000d727dd10,0x00000000d7280000)
  to   space 4096K, 0% used [0x00000000d7280000,0x00000000d7280000,0x00000000d7680000)
 ParOldGen       total 68608K, used 4759K [0x0000000080000000, 0x0000000084300000, 0x00000000d5580000)
  object space 68608K, 6% used [0x0000000080000000,0x00000000804a5cc8,0x0000000084300000)
 Metaspace       used 9489K, committed 9792K, reserved 1114112K
  class space    used 1015K, committed 1152K, reserved 1048576K
}
Event: 64.564 GC heap before
{Heap before GC invocations=4 (full 0):
 PSYoungGen      total 29696K, used 29687K [0x00000000d5580000, 0x00000000d7680000, 0x0000000100000000)
  eden space 25600K, 100% used [0x00000000d5580000,0x00000000d6e80000,0x00000000d6e80000)
  from space 4096K, 99% used [0x00000000d6e80000,0x00000000d727dd10,0x00000000d7280000)
  to   space 4096K, 0% used [0x00000000d7280000,0x00000000d7280000,0x00000000d7680000)
 ParOldGen       total 68608K, used 4759K [0x0000000080000000, 0x0000000084300000, 0x00000000d5580000)
  object space 68608K, 6% used [0x0000000080000000,0x00000000804a5cc8,0x0000000084300000)
 Metaspace       used 11090K, committed 11456K, reserved 1114112K
  class space    used 1151K, committed 1344K, reserved 1048576K
}
Event: 64.583 GC heap after
{Heap after GC invocations=4 (full 0):
 PSYoungGen      total 29696K, used 4072K [0x00000000d5580000, 0x00000000d7680000, 0x0000000100000000)
  eden space 25600K, 0% used [0x00000000d5580000,0x00000000d5580000,0x00000000d6e80000)
  from space 4096K, 99% used [0x00000000d7280000,0x00000000d767a3e0,0x00000000d7680000)
  to   space 4096K, 0% used [0x00000000d6e80000,0x00000000d6e80000,0x00000000d7280000)
 ParOldGen       total 68608K, used 6858K [0x0000000080000000, 0x0000000084300000, 0x00000000d5580000)
  object space 68608K, 9% used [0x0000000080000000,0x00000000806b2a38,0x0000000084300000)
 Metaspace       used 11090K, committed 11456K, reserved 1114112K
  class space    used 1151K, committed 1344K, reserved 1048576K
}
Event: 65.841 GC heap before
{Heap before GC invocations=5 (full 0):
 PSYoungGen      total 29696K, used 29672K [0x00000000d5580000, 0x00000000d7680000, 0x0000000100000000)
  eden space 25600K, 100% used [0x00000000d5580000,0x00000000d6e80000,0x00000000d6e80000)
  from space 4096K, 99% used [0x00000000d7280000,0x00000000d767a3e0,0x00000000d7680000)
  to   space 4096K, 0% used [0x00000000d6e80000,0x00000000d6e80000,0x00000000d7280000)
 ParOldGen       total 68608K, used 6858K [0x0000000080000000, 0x0000000084300000, 0x00000000d5580000)
  object space 68608K, 9% used [0x0000000080000000,0x00000000806b2a38,0x0000000084300000)
 Metaspace       used 14198K, committed 14720K, reserved 1114112K
  class space    used 1443K, committed 1664K, reserved 1048576K
}
Event: 65.852 GC heap after
{Heap after GC invocations=5 (full 0):
 PSYoungGen      total 29184K, used 4074K [0x00000000d5580000, 0x00000000d7900000, 0x0000000100000000)
  eden space 25088K, 0% used [0x00000000d5580000,0x00000000d5580000,0x00000000d6e00000)
  from space 4096K, 99% used [0x00000000d6e80000,0x00000000d727aa98,0x00000000d7280000)
  to   space 5632K, 0% used [0x00000000d7380000,0x00000000d7380000,0x00000000d7900000)
 ParOldGen       total 68608K, used 7879K [0x0000000080000000, 0x0000000084300000, 0x00000000d5580000)
  object space 68608K, 11% used [0x0000000080000000,0x00000000807b1f38,0x0000000084300000)
 Metaspace       used 14198K, committed 14720K, reserved 1114112K
  class space    used 1443K, committed 1664K, reserved 1048576K
}

Dll operation events (9 events):
Event: 0.033 Loaded shared library c:\Users\HP\.vscode\extensions\redhat.java-1.54.0-win32-x64\jre\21.0.10-win32-x86_64\bin\java.dll
Event: 0.135 Loaded shared library c:\Users\HP\.vscode\extensions\redhat.java-1.54.0-win32-x64\jre\21.0.10-win32-x86_64\bin\zip.dll
Event: 0.366 Loaded shared library C:\Users\HP\.vscode\extensions\redhat.java-1.54.0-win32-x64\jre\21.0.10-win32-x86_64\bin\instrument.dll
Event: 0.403 Loaded shared library C:\Users\HP\.vscode\extensions\redhat.java-1.54.0-win32-x64\jre\21.0.10-win32-x86_64\bin\net.dll
Event: 0.407 Loaded shared library C:\Users\HP\.vscode\extensions\redhat.java-1.54.0-win32-x64\jre\21.0.10-win32-x86_64\bin\nio.dll
Event: 0.412 Loaded shared library C:\Users\HP\.vscode\extensions\redhat.java-1.54.0-win32-x64\jre\21.0.10-win32-x86_64\bin\zip.dll
Event: 0.485 Loaded shared library C:\Users\HP\.vscode\extensions\redhat.java-1.54.0-win32-x64\jre\21.0.10-win32-x86_64\bin\jimage.dll
Event: 0.747 Loaded shared library c:\Users\HP\.vscode\extensions\redhat.java-1.54.0-win32-x64\jre\21.0.10-win32-x86_64\bin\verify.dll
Event: 36.253 Loaded shared library C:\Users\HP\AppData\Roaming\Code\User\globalStorage\redhat.java\1.54.0\config_win\org.eclipse.equinox.launcher\org.eclipse.equinox.launcher.win32.win32.x86_64_1.3.0.v20260203-2149\eclipse_11919.dll

Deoptimization events (20 events):
Event: 65.293 Thread 0x000002b5e43f6930 DEOPT PACKING pc=0x000002b5d25e872c sp=0x000000cb45ef8220
Event: 65.293 Thread 0x000002b5e43f6930 DEOPT UNPACKING pc=0x000002b5d1f43aa2 sp=0x000000cb45ef8190 mode 2
Event: 65.358 Thread 0x000002b5e43f6930 DEOPT PACKING pc=0x000002b5caceaac6 sp=0x000000cb45ef8010
Event: 65.358 Thread 0x000002b5e43f6930 DEOPT UNPACKING pc=0x000002b5d1f44242 sp=0x000000cb45ef7590 mode 0
Event: 65.400 Thread 0x000002b5e43f6930 Uncommon trap: trap_request=0xffffff45 fr.pc=0x000002b5d25ed2a4 relative=0x0000000000000384
Event: 65.400 Thread 0x000002b5e43f6930 Uncommon trap: reason=unstable_if action=reinterpret pc=0x000002b5d25ed2a4 method=com.sun.org.apache.xerces.internal.impl.XMLEntityScanner.skipSpaces()Z @ 88 c2
Event: 65.400 Thread 0x000002b5e43f6930 DEOPT PACKING pc=0x000002b5d25ed2a4 sp=0x000000cb45ef8480
Event: 65.400 Thread 0x000002b5e43f6930 DEOPT UNPACKING pc=0x000002b5d1f43aa2 sp=0x000000cb45ef8418 mode 2
Event: 65.400 Thread 0x000002b5e43f6930 Uncommon trap: trap_request=0xffffff45 fr.pc=0x000002b5d25ecb80 relative=0x00000000000000e0
Event: 65.400 Thread 0x000002b5e43f6930 Uncommon trap: reason=unstable_if action=reinterpret pc=0x000002b5d25ecb80 method=com.sun.org.apache.xerces.internal.impl.XMLEntityScanner.peekChar()I @ 51 c2
Event: 65.400 Thread 0x000002b5e43f6930 DEOPT PACKING pc=0x000002b5d25ecb80 sp=0x000000cb45ef83d0
Event: 65.400 Thread 0x000002b5e43f6930 DEOPT UNPACKING pc=0x000002b5d1f43aa2 sp=0x000000cb45ef8358 mode 2
Event: 65.444 Thread 0x000002b5e43f6930 DEOPT PACKING pc=0x000002b5caceaac6 sp=0x000000cb45efb730
Event: 65.444 Thread 0x000002b5e43f6930 DEOPT UNPACKING pc=0x000002b5d1f44242 sp=0x000000cb45efacb0 mode 0
Event: 65.563 Thread 0x000002b5e43f6930 Uncommon trap: trap_request=0xffffff45 fr.pc=0x000002b5d25f15c8 relative=0x00000000000004c8
Event: 65.563 Thread 0x000002b5e43f6930 Uncommon trap: reason=unstable_if action=reinterpret pc=0x000002b5d25f15c8 method=com.sun.org.apache.xerces.internal.impl.XMLEntityScanner.scanLiteral(ILcom/sun/org/apache/xerces/internal/xni/XMLString;Z)I @ 299 c2
Event: 65.563 Thread 0x000002b5e43f6930 DEOPT PACKING pc=0x000002b5d25f15c8 sp=0x000000cb45efd420
Event: 65.563 Thread 0x000002b5e43f6930 DEOPT UNPACKING pc=0x000002b5d1f43aa2 sp=0x000000cb45efd3b0 mode 2
Event: 65.747 Thread 0x000002b5e43f6930 DEOPT PACKING pc=0x000002b5cadab656 sp=0x000000cb45ef8290
Event: 65.747 Thread 0x000002b5e43f6930 DEOPT UNPACKING pc=0x000002b5d1f44242 sp=0x000000cb45ef77a0 mode 0

Classes loaded (20 events):
Event: 64.913 Loading class java/util/stream/ReferencePipeline$5$1
Event: 64.913 Loading class java/util/stream/ReferencePipeline$5$1 done
Event: 64.945 Loading class java/lang/invoke/DirectMethodHandle$StaticAccessor
Event: 64.946 Loading class java/lang/invoke/DirectMethodHandle$StaticAccessor done
Event: 64.958 Loading class java/lang/IllegalCallerException
Event: 64.958 Loading class java/lang/IllegalCallerException done
Event: 64.966 Loading class java/lang/invoke/DirectMethodHandle$1
Event: 64.968 Loading class java/lang/invoke/DirectMethodHandle$1 done
Event: 64.972 Loading class org/xml/sax/SAXParseException
Event: 64.972 Loading class org/xml/sax/SAXParseException done
Event: 65.482 Loading class java/nio/file/NoSuchFileException
Event: 65.484 Loading class java/nio/file/FileSystemException
Event: 65.486 Loading class java/nio/file/FileSystemException done
Event: 65.486 Loading class java/nio/file/NoSuchFileException done
Event: 65.582 Loading class java/lang/Process
Event: 65.583 Loading class java/lang/Process done
Event: 65.876 Loading class java/util/concurrent/TimeoutException
Event: 65.877 Loading class java/util/concurrent/TimeoutException done
Event: 65.989 Loading class java/lang/AbstractMethodError
Event: 65.990 Loading class java/lang/AbstractMethodError done

Classes unloaded (0 events):
No events

Classes redefined (0 events):
No events

Internal exceptions (20 events):
Event: 3.880 Thread 0x000002b5c77c6050 Exception <a 'java/lang/NoSuchMethodError'{0x00000000d65d48a8}: 'int java.lang.invoke.DirectMethodHandle$Holder.invokeStaticInit(java.lang.Object, java.lang.Object, java.lang.Object, java.lang.Object)'> (0x00000000d65d48a8) 
thrown [s\src\hotspot\share\interpreter\linkResolver.cpp, line 773]
Event: 3.881 Thread 0x000002b5c77c6050 Exception <a 'java/lang/IncompatibleClassChangeError'{0x00000000d65dccb0}: Found class java.lang.Object, but interface was expected> (0x00000000d65dccb0) 
thrown [s\src\hotspot\share\interpreter\linkResolver.cpp, line 840]
Event: 3.882 Thread 0x000002b5c77c6050 Exception <a 'java/lang/NoSuchMethodError'{0x00000000d65e3280}: 'void java.lang.invoke.DirectMethodHandle$Holder.invokeStaticInit(java.lang.Object, java.lang.Object)'> (0x00000000d65e3280) 
thrown [s\src\hotspot\share\interpreter\linkResolver.cpp, line 773]
Event: 3.883 Thread 0x000002b5c77c6050 Exception <a 'java/lang/NoSuchMethodError'{0x00000000d65ec900}: 'int java.lang.invoke.DirectMethodHandle$Holder.invokeStaticInit(java.lang.Object, java.lang.Object)'> (0x00000000d65ec900) 
thrown [s\src\hotspot\share\interpreter\linkResolver.cpp, line 773]
Event: 4.240 Thread 0x000002b5c77c6050 Exception <a 'java/lang/NoSuchMethodError'{0x00000000d6836d90}: 'java.lang.Object java.lang.invoke.DirectMethodHandle$Holder.newInvokeSpecial(java.lang.Object, int, java.lang.Object)'> (0x00000000d6836d90) 
thrown [s\src\hotspot\share\interpreter\linkResolver.cpp, line 773]
Event: 4.344 Thread 0x000002b5c77c6050 Exception <a 'java/lang/ClassNotFoundException'{0x00000000d6a518e0}: sun/net/www/protocol/plurl/Handler> (0x00000000d6a518e0) 
thrown [s\src\hotspot\share\classfile\systemDictionary.cpp, line 312]
Event: 4.344 Thread 0x000002b5c77c6050 Exception <a 'java/lang/ClassNotFoundException'{0x00000000d6a52760}: sun/net/www/protocol/plurl/Handler> (0x00000000d6a52760) 
thrown [s\src\hotspot\share\classfile\systemDictionary.cpp, line 312]
Event: 36.190 Thread 0x000002b5c77c6050 Exception <a 'java/lang/UnsatisfiedLinkError'{0x00000000d55e83e8}: 'void org.eclipse.equinox.launcher.JNIBridge._update_splash()'> (0x00000000d55e83e8) 
thrown [s\src\hotspot\share\prims\nativeLookup.cpp, line 415]
Event: 36.500 Thread 0x000002b5e45875e0 Exception <a 'java/lang/NoSuchMethodError'{0x00000000d587e008}: 'void java.lang.invoke.DirectMethodHandle$Holder.invokeInterface(java.lang.Object, java.lang.Object, java.lang.Object)'> (0x00000000d587e008) 
thrown [s\src\hotspot\share\interpreter\linkResolver.cpp, line 773]
Event: 36.733 Thread 0x000002b5e43f6930 Exception <a 'java/lang/NoSuchMethodError'{0x00000000d5cca9c0}: 'java.lang.Object java.lang.invoke.DirectMethodHandle$Holder.newInvokeSpecial(java.lang.Object, java.lang.Object, int, java.lang.Object)'> (0x00000000d5cca9c0) 
thrown [s\src\hotspot\share\interpreter\linkResolver.cpp, line 773]
Event: 36.735 Thread 0x000002b5e43f6930 Exception <a 'java/lang/NoSuchMethodError'{0x00000000d5cce7f0}: 'java.lang.Object java.lang.invoke.DirectMethodHandle$Holder.invokeSpecial(java.lang.Object, java.lang.Object, java.lang.Object, int, java.lang.Object)'> (0x00000000d5cce7f0) 
thrown [s\src\hotspot\share\interpreter\linkResolver.cpp, line 773]
Event: 36.890 Thread 0x000002b5e43f6930 Exception <a 'java/lang/NoClassDefFoundError'{0x00000000d5d752a8}: jakarta/servlet/ServletContainerInitializer> (0x00000000d5d752a8) 
thrown [s\src\hotspot\share\classfile\systemDictionary.cpp, line 301]
Event: 37.048 Thread 0x000002b5e43f6930 Exception <a 'java/lang/NoSuchMethodError'{0x00000000d5e9e160}: 'java.lang.Object java.lang.invoke.DirectMethodHandle$Holder.invokeStatic(java.lang.Object, int, java.lang.Object)'> (0x00000000d5e9e160) 
thrown [s\src\hotspot\share\interpreter\linkResolver.cpp, line 773]
Event: 37.102 Thread 0x000002b5e43f6930 Exception <a 'java/lang/ClassNotFoundException'{0x00000000d5f0a098}: sun/util/logging/resources/spi/loggingProvider> (0x00000000d5f0a098) 
thrown [s\src\hotspot\share\classfile\systemDictionary.cpp, line 312]
Event: 64.471 Thread 0x000002b5e43f6930 Exception <a 'java/lang/NullPointerException'{0x00000000d6c30c30}> (0x00000000d6c30c30) 
thrown [s\src\hotspot\share\interpreter\linkResolver.cpp, line 1372]
Event: 64.471 Thread 0x000002b5e43f6930 Exception <a 'java/lang/NullPointerException'{0x00000000d6c30f10}> (0x00000000d6c30f10) 
thrown [s\src\hotspot\share\interpreter\linkResolver.cpp, line 1372]
Event: 64.903 Thread 0x000002b5e43f6930 Exception <a 'java/lang/NoSuchMethodError'{0x00000000d5d18f60}: 'long java.lang.invoke.DirectMethodHandle$Holder.invokeSpecial(java.lang.Object, java.lang.Object)'> (0x00000000d5d18f60) 
thrown [s\src\hotspot\share\interpreter\linkResolver.cpp, line 773]
Event: 64.950 Thread 0x000002b5e43f6930 Exception <a 'java/lang/NoSuchMethodError'{0x00000000d5dd79a8}: 'void java.lang.invoke.Invokers$Holder.invokeExact_MT(java.lang.Object, java.lang.Object, java.lang.Object)'> (0x00000000d5dd79a8) 
thrown [s\src\hotspot\share\interpreter\linkResolver.cpp, line 773]
Event: 65.503 Thread 0x000002b5e43f6930 Exception <a 'java/io/FileNotFoundException'{0x00000000d671ee40}> (0x00000000d671ee40) 
thrown [s\src\hotspot\share\prims\jni.cpp, line 520]
Event: 65.761 Thread 0x000002b5e43f6930 Exception <a 'java/lang/NoSuchMethodError'{0x00000000d6c0bbc8}: 'java.lang.Object java.lang.invoke.Invokers$Holder.linkToTargetMethod(java.lang.Object, long, java.lang.Object)'> (0x00000000d6c0bbc8) 
thrown [s\src\hotspot\share\interpreter\linkResolver.cpp, line 773]

ZGC Phase Switch (0 events):
No events

VM Operations (20 events):
Event: 60.273 Executing non-safepoint VM operation: HandshakeAllThreads (HandshakeForDeflation)
Event: 60.273 Executing non-safepoint VM operation: HandshakeAllThreads (HandshakeForDeflation) done
Event: 60.273 Executing non-safepoint VM operation: RendezvousGCThreads
Event: 60.273 Executing non-safepoint VM operation: RendezvousGCThreads done
Event: 62.279 Executing safepoint VM operation: Cleanup
Event: 62.279 Executing safepoint VM operation: Cleanup done
Event: 63.283 Executing safepoint VM operation: Cleanup
Event: 63.283 Executing safepoint VM operation: Cleanup done
Event: 64.285 Executing safepoint VM operation: Cleanup
Event: 64.285 Executing safepoint VM operation: Cleanup done
Event: 64.372 Executing non-safepoint VM operation: HandshakeAllThreads (Deoptimize)
Event: 64.372 Executing non-safepoint VM operation: HandshakeAllThreads (Deoptimize) done
Event: 64.564 Executing safepoint VM operation: ParallelGCFailedAllocation (Allocation Failure)
Event: 64.583 Executing safepoint VM operation: ParallelGCFailedAllocation (Allocation Failure) done
Event: 64.707 Executing non-safepoint VM operation: HandshakeAllThreads (Deoptimize)
Event: 64.707 Executing non-safepoint VM operation: HandshakeAllThreads (Deoptimize) done
Event: 65.708 Executing safepoint VM operation: Cleanup
Event: 65.708 Executing safepoint VM operation: Cleanup done
Event: 65.841 Executing safepoint VM operation: ParallelGCFailedAllocation (Allocation Failure)
Event: 65.852 Executing safepoint VM operation: ParallelGCFailedAllocation (Allocation Failure) done

Memory protections (0 events):
No events

Nmethod flushes (0 events):
No events

Events (20 events):
Event: 3.934 Thread 0x000002b5c77c6050 Thread added: 0x000002b5e4332190
Event: 36.173 Thread 0x000002b5c77c6050 Thread added: 0x000002b5e45875e0
Event: 36.509 Thread 0x000002b5e45875e0 Thread added: 0x000002b5e4574300
Event: 36.520 Thread 0x000002b5c77c6050 Thread added: 0x000002b5e43f6930
Event: 37.303 Thread 0x000002b5c77350e0 Thread added: 0x000002b5e45d47e0
Event: 37.307 Thread 0x000002b5c77350e0 Thread added: 0x000002b5dfc65020
Event: 38.319 Thread 0x000002b5dfc65020 Thread exited: 0x000002b5dfc65020
Event: 38.319 Thread 0x000002b5e45d47e0 Thread exited: 0x000002b5e45d47e0
Event: 43.316 Thread 0x000002b5dfa6e560 Thread added: 0x000002b5e4698410
Event: 43.424 Thread 0x000002b5e43f6930 Thread added: 0x000002b5e4698ac0
Event: 43.985 Thread 0x000002b5e4698410 Thread exited: 0x000002b5e4698410
Event: 51.909 Thread 0x000002b5dfa6e560 Thread added: 0x000002b5e47f0450
Event: 52.301 Thread 0x000002b5e47f0450 Thread exited: 0x000002b5e47f0450
Event: 64.074 Thread 0x000002b5c77350e0 Thread added: 0x000002b5e45863f0
Event: 64.142 Thread 0x000002b5dfa6e560 Thread added: 0x000002b5e4f89890
Event: 64.539 Thread 0x000002b5e4f89890 Thread exited: 0x000002b5e4f89890
Event: 64.619 Thread 0x000002b5e45863f0 Thread exited: 0x000002b5e45863f0
Event: 64.678 Thread 0x000002b5e43f6930 Thread added: 0x000002b5e4d1a140
Event: 65.155 Thread 0x000002b5dfa6e560 Thread added: 0x000002b5dfa57370
Event: 65.892 Thread 0x000002b5e43f6930 Thread added: 0x000002b5e4112b60


Dynamic libraries:
0x00007ff799f40000 - 0x00007ff799f4e000 	c:\Users\HP\.vscode\extensions\redhat.java-1.54.0-win32-x64\jre\21.0.10-win32-x86_64\bin\java.exe
0x00007ff90b960000 - 0x00007ff90bbc7000 	C:\WINDOWS\SYSTEM32\ntdll.dll
0x00007ff9098f0000 - 0x00007ff9099b9000 	C:\WINDOWS\System32\KERNEL32.DLL
0x00007ff908ab0000 - 0x00007ff908e9f000 	C:\WINDOWS\System32\KERNELBASE.dll
0x00007ff908eb0000 - 0x00007ff908ffb000 	C:\WINDOWS\System32\ucrtbase.dll
0x00007ff853000000 - 0x00007ff853018000 	c:\Users\HP\.vscode\extensions\redhat.java-1.54.0-win32-x64\jre\21.0.10-win32-x86_64\bin\jli.dll
0x00007ff90ae00000 - 0x00007ff90afc5000 	C:\WINDOWS\System32\USER32.dll
0x00007ff9093f0000 - 0x00007ff909417000 	C:\WINDOWS\System32\win32u.dll
0x00007ff909700000 - 0x00007ff90972b000 	C:\WINDOWS\System32\GDI32.dll
0x00007ff9092c0000 - 0x00007ff9093ec000 	C:\WINDOWS\System32\gdi32full.dll
0x00007ff909650000 - 0x00007ff9096f3000 	C:\WINDOWS\System32\msvcp_win.dll
0x00007ff853020000 - 0x00007ff85303e000 	c:\Users\HP\.vscode\extensions\redhat.java-1.54.0-win32-x64\jre\21.0.10-win32-x86_64\bin\VCRUNTIME140.dll
0x00007ff8f0a70000 - 0x00007ff8f0d03000 	C:\WINDOWS\WinSxS\amd64_microsoft.windows.common-controls_6595b64144ccf1df_6.0.26100.7309_none_3e05feeae336a044\COMCTL32.dll
0x00007ff9099c0000 - 0x00007ff909a69000 	C:\WINDOWS\System32\msvcrt.dll
0x00007ff90b120000 - 0x00007ff90b151000 	C:\WINDOWS\System32\IMM32.DLL
0x00007ff8e1380000 - 0x00007ff8e138c000 	c:\Users\HP\.vscode\extensions\redhat.java-1.54.0-win32-x64\jre\21.0.10-win32-x86_64\bin\vcruntime140_1.dll
0x00007ff852f70000 - 0x00007ff852ffd000 	c:\Users\HP\.vscode\extensions\redhat.java-1.54.0-win32-x64\jre\21.0.10-win32-x86_64\bin\msvcp140.dll
0x00007ff8511c0000 - 0x00007ff851f61000 	c:\Users\HP\.vscode\extensions\redhat.java-1.54.0-win32-x64\jre\21.0.10-win32-x86_64\bin\server\jvm.dll
0x00007ff909730000 - 0x00007ff9097e4000 	C:\WINDOWS\System32\ADVAPI32.dll
0x00007ff90b160000 - 0x00007ff90b206000 	C:\WINDOWS\System32\sechost.dll
0x00007ff90b660000 - 0x00007ff90b778000 	C:\WINDOWS\System32\RPCRT4.dll
0x00007ff90ab40000 - 0x00007ff90abb4000 	C:\WINDOWS\System32\WS2_32.dll
0x00007ff908930000 - 0x00007ff90898e000 	C:\WINDOWS\SYSTEM32\POWRPROF.dll
0x00007ff901fe0000 - 0x00007ff901feb000 	C:\WINDOWS\SYSTEM32\VERSION.dll
0x00007ff8f6250000 - 0x00007ff8f6285000 	C:\WINDOWS\SYSTEM32\WINMM.dll
0x00007ff908910000 - 0x00007ff908924000 	C:\WINDOWS\SYSTEM32\UMPDC.dll
0x00007ff907820000 - 0x00007ff90783b000 	C:\WINDOWS\SYSTEM32\kernel.appcore.dll
0x00007ff8e0150000 - 0x00007ff8e015a000 	c:\Users\HP\.vscode\extensions\redhat.java-1.54.0-win32-x64\jre\21.0.10-win32-x86_64\bin\jimage.dll
0x00007ff9062b0000 - 0x00007ff9064f2000 	C:\WINDOWS\SYSTEM32\DBGHELP.DLL
0x00007ff90b2d0000 - 0x00007ff90b655000 	C:\WINDOWS\System32\combase.dll
0x00007ff90ac40000 - 0x00007ff90ad16000 	C:\WINDOWS\System32\OLEAUT32.dll
0x00007ff8f0a00000 - 0x00007ff8f0a3c000 	C:\WINDOWS\SYSTEM32\dbgcore.DLL
0x00007ff909420000 - 0x00007ff9094c5000 	C:\WINDOWS\System32\bcryptPrimitives.dll
0x00007ff8f1aa0000 - 0x00007ff8f1aaf000 	c:\Users\HP\.vscode\extensions\redhat.java-1.54.0-win32-x64\jre\21.0.10-win32-x86_64\bin\instrument.dll
0x00007ff852f50000 - 0x00007ff852f70000 	c:\Users\HP\.vscode\extensions\redhat.java-1.54.0-win32-x64\jre\21.0.10-win32-x86_64\bin\java.dll
0x00007ff909ce0000 - 0x00007ff90a433000 	C:\WINDOWS\System32\SHELL32.dll
0x00007ff9090c0000 - 0x00007ff90922a000 	C:\WINDOWS\System32\wintypes.dll
0x00007ff906690000 - 0x00007ff906eee000 	C:\WINDOWS\SYSTEM32\windows.storage.dll
0x00007ff909be0000 - 0x00007ff909cd5000 	C:\WINDOWS\System32\SHCORE.dll
0x00007ff90b210000 - 0x00007ff90b276000 	C:\WINDOWS\System32\shlwapi.dll
0x00007ff9089d0000 - 0x00007ff9089f9000 	C:\WINDOWS\SYSTEM32\profapi.dll
0x00007ff852ec0000 - 0x00007ff852ed8000 	c:\Users\HP\.vscode\extensions\redhat.java-1.54.0-win32-x64\jre\21.0.10-win32-x86_64\bin\zip.dll
0x00007ff8e00c0000 - 0x00007ff8e00d0000 	C:\Users\HP\.vscode\extensions\redhat.java-1.54.0-win32-x64\jre\21.0.10-win32-x86_64\bin\net.dll
0x00007ff900340000 - 0x00007ff900468000 	C:\WINDOWS\SYSTEM32\WINHTTP.dll
0x00007ff907d70000 - 0x00007ff907ddb000 	C:\WINDOWS\system32\mswsock.dll
0x00007ff852ea0000 - 0x00007ff852eb6000 	C:\Users\HP\.vscode\extensions\redhat.java-1.54.0-win32-x64\jre\21.0.10-win32-x86_64\bin\nio.dll
0x00007ff8dfed0000 - 0x00007ff8dfee0000 	c:\Users\HP\.vscode\extensions\redhat.java-1.54.0-win32-x64\jre\21.0.10-win32-x86_64\bin\verify.dll
0x00007ff856a80000 - 0x00007ff856ac5000 	C:\Users\HP\AppData\Roaming\Code\User\globalStorage\redhat.java\1.54.0\config_win\org.eclipse.equinox.launcher\org.eclipse.equinox.launcher.win32.win32.x86_64_1.3.0.v20260203-2149\eclipse_11919.dll
0x00007ff90b780000 - 0x00007ff90b917000 	C:\WINDOWS\System32\ole32.dll

JVMTI agents:
c:\Users\HP\.vscode\extensions\redhat.java-1.54.0-win32-x64\lombok\lombok-1.18.39-4050.jar path:c:\Users\HP\.vscode\extensions\redhat.java-1.54.0-win32-x64\jre\21.0.10-win32-x86_64\bin\instrument.dll, loaded, initialized, instrumentlib options:none

dbghelp: loaded successfully - version: 4.0.5 - missing functions: none
symbol engine: initialized successfully - sym options: 0x614 - pdb path: .;c:\Users\HP\.vscode\extensions\redhat.java-1.54.0-win32-x64\jre\21.0.10-win32-x86_64\bin;C:\WINDOWS\SYSTEM32;C:\WINDOWS\WinSxS\amd64_microsoft.windows.common-controls_6595b64144ccf1df_6.0.26100.7309_none_3e05feeae336a044;c:\Users\HP\.vscode\extensions\redhat.java-1.54.0-win32-x64\jre\21.0.10-win32-x86_64\bin\server;C:\Users\HP\AppData\Roaming\Code\User\globalStorage\redhat.java\1.54.0\config_win\org.eclipse.equinox.launcher\org.eclipse.equinox.launcher.win32.win32.x86_64_1.3.0.v20260203-2149

VM Arguments:
jvm_args: --add-modules=ALL-SYSTEM --add-opens=java.base/java.util=ALL-UNNAMED --add-opens=java.base/java.lang=ALL-UNNAMED --add-opens=java.base/sun.nio.fs=ALL-UNNAMED -Declipse.application=org.eclipse.jdt.ls.core.id1 -Dosgi.bundles.defaultStartLevel=4 -Declipse.product=org.eclipse.jdt.ls.core.product -Djava.import.generatesMetadataFilesAtProjectRoot=false -DDetectVMInstallationsJob.disabled=true -Dfile.encoding=utf8 -XX:+UseParallelGC -XX:GCTimeRatio=4 -XX:AdaptiveSizePolicyWeight=90 -Dsun.zip.disableMemoryMapping=true -Xmx2G -Xms100m -Xlog:disable -javaagent:c:\Users\HP\.vscode\extensions\redhat.java-1.54.0-win32-x64\lombok\lombok-1.18.39-4050.jar -XX:+HeapDumpOnOutOfMemoryError -XX:HeapDumpPath=c:\Users\HP\AppData\Roaming\Code\User\workspaceStorage\689e11271c5e45e4975d25ebac17d9ed\redhat.java -Daether.dependencyCollector.impl=bf 
java_command: c:\Users\HP\.vscode\extensions\redhat.java-1.54.0-win32-x64\server\plugins\org.eclipse.equinox.launcher_1.7.100.v20251111-0406.jar -configuration c:\Users\HP\AppData\Roaming\Code\User\globalStorage\redhat.java\1.54.0\config_win -data c:\Users\HP\AppData\Roaming\Code\User\workspaceStorage\689e11271c5e45e4975d25ebac17d9ed\redhat.java\jdt_ws --pipe=\\.\pipe\lsp-b408afc47676d1ccb840393231779850-sock
java_class_path (initial): c:\Users\HP\.vscode\extensions\redhat.java-1.54.0-win32-x64\server\plugins\org.eclipse.equinox.launcher_1.7.100.v20251111-0406.jar
Launcher Type: SUN_STANDARD

[Global flags]
    uintx AdaptiveSizePolicyWeight                 = 90                                        {product} {command line}
     intx CICompilerCount                          = 4                                         {product} {ergonomic}
    uintx GCTimeRatio                              = 4                                         {product} {command line}
     bool HeapDumpOnOutOfMemoryError               = true                                   {manageable} {command line}
    ccstr HeapDumpPath                             = c:\Users\HP\AppData\Roaming\Code\User\workspaceStorage\689e11271c5e45e4975d25ebac17d9ed\redhat.java         {manageable} {command line}
   size_t InitialHeapSize                          = 104857600                                 {product} {command line}
   size_t MaxHeapSize                              = 2147483648                                {product} {command line}
   size_t MaxNewSize                               = 715653120                                 {product} {ergonomic}
   size_t MinHeapDeltaBytes                        = 524288                                    {product} {ergonomic}
   size_t MinHeapSize                              = 104857600                                 {product} {command line}
   size_t NewSize                                  = 34603008                                  {product} {ergonomic}
    uintx NonNMethodCodeHeapSize                   = 5839372                                {pd product} {ergonomic}
    uintx NonProfiledCodeHeapSize                  = 122909434                              {pd product} {ergonomic}
   size_t OldSize                                  = 70254592                                  {product} {ergonomic}
    uintx ProfiledCodeHeapSize                     = 122909434                              {pd product} {ergonomic}
    uintx ReservedCodeCacheSize                    = 251658240                              {pd product} {ergonomic}
     bool SegmentedCodeCache                       = true                                      {product} {ergonomic}
   size_t SoftMaxHeapSize                          = 2147483648                             {manageable} {ergonomic}
     bool UseCompressedOops                        = true                           {product lp64_product} {ergonomic}
     bool UseLargePagesIndividualAllocation        = false                                  {pd product} {ergonomic}
     bool UseParallelGC                            = true                                      {product} {command line}

Logging:
Log output configuration:
 #0: stdout all=off uptime,level,tags foldmultilines=false
 #1: stderr all=off uptime,level,tags foldmultilines=false

Release file:
JAVA_VERSION="21.0.10" 
MODULES="java.base java.compiler java.datatransfer java.xml java.prefs java.desktop java.instrument java.logging java.management java.security.sasl java.naming java.rmi java.management.rmi java.net.http java.scripting java.security.jgss java.transaction.xa java.sql java.sql.rowset java.xml.crypto java.se java.smartcardio jdk.accessibility jdk.internal.jvmstat jdk.attach jdk.charsets jdk.internal.opt jdk.zipfs jdk.compiler jdk.crypto.ec jdk.crypto.cryptoki jdk.crypto.mscapi jdk.dynalink jdk.internal.ed jdk.editpad jdk.hotspot.agent jdk.httpserver jdk.internal.le jdk.internal.vm.ci jdk.internal.vm.compiler jdk.internal.vm.compiler.management jdk.jartool jdk.javadoc jdk.jcmd jdk.management jdk.management.agent jdk.jconsole jdk.jdeps jdk.jdwp.agent jdk.jdi jdk.jfr jdk.jshell jdk.jsobject jdk.jstatd jdk.localedata jdk.management.jfr jdk.naming.dns jdk.naming.rmi jdk.net jdk.nio.mapmode jdk.random jdk.sctp jdk.security.auth jdk.security.jgss jdk.unsupported jdk.unsupported.desktop jdk.xml.dom" 

Environment Variables:
PATH=C:\oracle\product\11.2.0\dbhome_1\bin;C:\Users\HP\Desktop\WINDOWS.X64_193000_db_home\bin;C:\Program Files\Common Files\Oracle\Java\javapath;C:\Python313\;C:\WINDOWS;C:\WINDOWS\System32\Wbem;C:\WINDOWS\System32\WindowsPowerShell\v1.0\;C:\WINDOWS\System32\OpenSSH\;C:\Program Files\nodejs\;C:\ProgramData\chocolatey\bin;C:\composer;C:\ProgramData\ComposerSetup\bin;C:\Python313\Scripts\;C:\ProgramData\ComposerSetup\bin;C:\wamp64\bin\php\php8.1.31;C:\Users\HP\.config\herd\bin\nvm;C:\Program Files\nodejs;C:\Program Files\Docker\Docker\resources\bin;C:\ProgramData\ComposerSetup\bin;C:\wamp64\bin\php\php8.1.31\php.exe;C:\Program Files\Microsoft SQL Server\150\Tools\Binn\;C:\Program Files\Microsoft SQL Server\Client SDK\ODBC\170\Tools\Binn\;C:\Program Files (x86)\Microsoft SQL Server\160\Tools\Binn\;C:\Program Files\Microsoft SQL Server\160\Tools\Binn\;C:\Program Files\Microsoft SQL Server\160\DTS\Binn\;C:\Program Files\jdk-25_windows-x64_bin\jdk-25.0.2\bin;C:\Program Files\ruffle\bin\;C:\Program Files\php-8.4.13;C:\Users\HP\Downloads\flutter\bin;C:\Program Files\Git\cmd;C:\Windows;C:\Windows\System32;C:\Windows\System32\Wbem;C:\Windows\System32\WindowsPowerShell\v1.0\;C:\Users\HP\Downloads\flutter\flutter\bin;C:\Program Files\dotnet\;C:\Program Files\MySQL\MySQL Shell 8.0\bin\;C:\Users\HP\.config\herd-lite\bin;C:\Users\HP\AppData\Local\Programs\Python\Python314\Scripts\;C:\Users\HP\AppData\Local\Programs\Python\Python314\;C:\Users\HP\AppData\Local\Microsoft\WindowsApps;C:\Users\HP\AppData\Roaming\npm;C:\Users\HP\AppData\Roaming\composer\vendor\bin;C:\php;C:\wamp64\bin\php\php8.1.31;C:\ProgramData\ComposerSetup\bin;C:\Users\HP\.dotnet\tools;C:\Program Files\Git;C:\Program Files\Git\cmd;C:\Users\HP\Downloads\flutter\bin;C:\Users\HP\AppData\Local\Programs\Microsoft VS Code\bin
USERNAME=HP
OS=Windows_NT
PROCESSOR_IDENTIFIER=Intel64 Family 6 Model 142 Stepping 12, GenuineIntel
TMP=C:\Users\HP\AppData\Local\Temp
TEMP=C:\Users\HP\AppData\Local\Temp




Periodic native trim disabled

---------------  S Y S T E M  ---------------

OS:
 Windows 11 , 64 bit Build 26100 (10.0.26100.7309)
OS uptime: 0 days 0:09 hours
Hyper-V role detected

CPU: total 8 (initial active 8) (4 cores per cpu, 2 threads per core) family 6 model 142 stepping 12 microcode 0x100, cx8, cmov, fxsr, ht, mmx, 3dnowpref, sse, sse2, sse3, ssse3, sse4.1, sse4.2, popcnt, lzcnt, tsc, tscinvbit, avx, avx2, aes, erms, clmul, bmi1, bmi2, adx, fma, vzeroupper, clflush, clflushopt, hv, rdtscp, f16c
Processor Information for the first 8 processors :
  Max Mhz: 1896, Current Mhz: 1596, Mhz Limit: 1592

Memory: 4k page, system-wide physical 7998M (585M free)
TotalPageFile size 16620M (AvailPageFile size 0M)
current process WorkingSet (physical memory assigned to process): 102M, peak: 102M
current process commit charge ("private bytes"): 262M, peak: 262M

vm_info: OpenJDK 64-Bit Server VM (21.0.10+7-LTS) for windows-amd64 JRE (21.0.10+7-LTS), built on 2026-01-20T00:00:00Z by "admin" with MS VC++ 17.12 (VS2022)

END.
