#
# There is insufficient memory for the Java Runtime Environment to continue.
# Native memory allocation (malloc) failed to allocate 32744 bytes. Error detail: Chunk::new
# Possible reasons:
#   The system is out of physical RAM or swap space
#   This process is running with CompressedOops enabled, and the Java Heap may be blocking the growth of the native heap
# Possible solutions:
#   Reduce memory load on the system
#   Increase physical memory or swap space
#   Check if swap backing store is full
#   Decrease Java heap size (-Xmx/-Xms)
#   Decrease number of Java threads
#   Decrease Java thread stack sizes (-Xss)
#   Set larger code cache with -XX:ReservedCodeCacheSize=
#   JVM is running with Unscaled Compressed Oops mode in which the Java heap is
#     placed in the first 4GB address space. The Java Heap base address is the
#     maximum limit for the native heap growth. Please use -XX:HeapBaseMinAddress
#     to set the Java Heap base and to place the Java Heap above 4GB virtual address.
# This output file may be truncated or incomplete.
#
#  Out of Memory Error (arena.cpp:168), pid=12412, tid=16928
#
# JRE version: OpenJDK Runtime Environment Temurin-21.0.10+7 (21.0.10+7) (build 21.0.10+7-LTS)
# Java VM: OpenJDK 64-Bit Server VM Temurin-21.0.10+7 (21.0.10+7-LTS, mixed mode, sharing, tiered, compressed oops, compressed class ptrs, parallel gc, windows-amd64)
# No core dump will be written. Minidumps are not enabled by default on client versions of Windows
#

---------------  S U M M A R Y ------------

Command Line: --add-modules=ALL-SYSTEM --add-opens=java.base/java.util=ALL-UNNAMED --add-opens=java.base/java.lang=ALL-UNNAMED --add-opens=java.base/sun.nio.fs=ALL-UNNAMED -Declipse.application=org.eclipse.jdt.ls.core.id1 -Dosgi.bundles.defaultStartLevel=4 -Declipse.product=org.eclipse.jdt.ls.core.product -Djava.import.generatesMetadataFilesAtProjectRoot=false -DDetectVMInstallationsJob.disabled=true -Dfile.encoding=utf8 -XX:+UseParallelGC -XX:GCTimeRatio=4 -XX:AdaptiveSizePolicyWeight=90 -Dsun.zip.disableMemoryMapping=true -Xmx2G -Xms100m -Xlog:disable -javaagent:c:\Users\HP\.vscode\extensions\redhat.java-1.54.0-win32-x64\lombok\lombok-1.18.39-4050.jar -XX:+HeapDumpOnOutOfMemoryError -XX:HeapDumpPath=c:\Users\HP\AppData\Roaming\Code\User\workspaceStorage\689e11271c5e45e4975d25ebac17d9ed\redhat.java -Daether.dependencyCollector.impl=bf c:\Users\HP\.vscode\extensions\redhat.java-1.54.0-win32-x64\server\plugins\org.eclipse.equinox.launcher_1.7.100.v20251111-0406.jar -configuration c:\Users\HP\AppData\Roaming\Code\User\globalStorage\redhat.java\1.54.0\config_win -data c:\Users\HP\AppData\Roaming\Code\User\workspaceStorage\689e11271c5e45e4975d25ebac17d9ed\redhat.java\jdt_ws --pipe=\\.\pipe\lsp-f99ef069cc6ea3655e72118fed131f08-sock

Host: Intel(R) Core(TM) i5-8365U CPU @ 1.60GHz, 8 cores, 7G,  Windows 11 , 64 bit Build 26100 (10.0.26100.7309)
Time: Mon May 18 16:27:11 2026 elapsed time: 0.840827 seconds (0d 0h 0m 0s)

---------------  T H R E A D  ---------------

Current thread (0x000001cff10210b0):  JavaThread "C2 CompilerThread2" daemon [_thread_in_native, id=16928, stack(0x0000009ef5500000,0x0000009ef5600000) (1024K)]


Current CompileTask:
C2:840  639       4       lombok.patcher.scripts.MethodLevelPatchScript::patch (21 bytes)

Stack: [0x0000009ef5500000,0x0000009ef5600000]
Native frames: (J=compiled Java code, j=interpreted, Vv=VM code, C=native code)
V  [jvm.dll+0x6d7a39]
V  [jvm.dll+0x8b4b26]
V  [jvm.dll+0x8b70de]
V  [jvm.dll+0x8b77c3]
V  [jvm.dll+0x284346]
V  [jvm.dll+0xc66ed]
V  [jvm.dll+0xc6c31]
V  [jvm.dll+0x65f8dd]
V  [jvm.dll+0x65fa6b]
V  [jvm.dll+0x66573b]
V  [jvm.dll+0x666736]
V  [jvm.dll+0x664a7b]
V  [jvm.dll+0x24c3db]
V  [jvm.dll+0x24bb40]
V  [jvm.dll+0x1cb34e]
V  [jvm.dll+0x25b85d]
V  [jvm.dll+0x259dea]
V  [jvm.dll+0x3f857e]
V  [jvm.dll+0x85f59d]
V  [jvm.dll+0x6d626d]
C  [ucrtbase.dll+0x37b0]
C  [KERNEL32.DLL+0x2e8d7]
C  [ntdll.dll+0x8c53c]


---------------  P R O C E S S  ---------------

Threads class SMR info:
_java_thread_list=0x000001cfece36610, length=13, elements={
0x000001cf91630510, 0x000001cf916e63d0, 0x000001cfeb1c6540, 0x000001cfeb1ca680,
0x000001cf916e6fd0, 0x000001cf916ead50, 0x000001cf916ed3d0, 0x000001cfeb1d2ff0,
0x000001cfeca78120, 0x000001cfecc39740, 0x000001cfecc88300, 0x000001cfecd76e20,
0x000001cff10210b0
}

Java Threads: ( => current thread )
  0x000001cf91630510 JavaThread "main"                              [_thread_in_Java, id=1968, stack(0x0000009ef4600000,0x0000009ef4700000) (1024K)]
  0x000001cf916e63d0 JavaThread "Reference Handler"          daemon [_thread_blocked, id=1908, stack(0x0000009ef4a00000,0x0000009ef4b00000) (1024K)]
  0x000001cfeb1c6540 JavaThread "Finalizer"                  daemon [_thread_blocked, id=18080, stack(0x0000009ef4b00000,0x0000009ef4c00000) (1024K)]
  0x000001cfeb1ca680 JavaThread "Signal Dispatcher"          daemon [_thread_blocked, id=20564, stack(0x0000009ef4c00000,0x0000009ef4d00000) (1024K)]
  0x000001cf916e6fd0 JavaThread "Attach Listener"            daemon [_thread_blocked, id=17832, stack(0x0000009ef4d00000,0x0000009ef4e00000) (1024K)]
  0x000001cf916ead50 JavaThread "Service Thread"             daemon [_thread_blocked, id=6916, stack(0x0000009ef4e00000,0x0000009ef4f00000) (1024K)]
  0x000001cf916ed3d0 JavaThread "Monitor Deflation Thread"   daemon [_thread_blocked, id=17304, stack(0x0000009ef4f00000,0x0000009ef5000000) (1024K)]
  0x000001cfeb1d2ff0 JavaThread "C2 CompilerThread0"         daemon [_thread_in_native, id=19580, stack(0x0000009ef5000000,0x0000009ef5100000) (1024K)]
  0x000001cfeca78120 JavaThread "C1 CompilerThread0"         daemon [_thread_in_native, id=18496, stack(0x0000009ef5100000,0x0000009ef5200000) (1024K)]
  0x000001cfecc39740 JavaThread "Common-Cleaner"             daemon [_thread_blocked, id=19348, stack(0x0000009ef5200000,0x0000009ef5300000) (1024K)]
  0x000001cfecc88300 JavaThread "C2 CompilerThread1"         daemon [_thread_in_native, id=16844, stack(0x0000009ef5300000,0x0000009ef5400000) (1024K)]
  0x000001cfecd76e20 JavaThread "Notification Thread"        daemon [_thread_blocked, id=18816, stack(0x0000009ef5400000,0x0000009ef5500000) (1024K)]
=>0x000001cff10210b0 JavaThread "C2 CompilerThread2"         daemon [_thread_in_native, id=16928, stack(0x0000009ef5500000,0x0000009ef5600000) (1024K)]
Total: 13

Other Threads:
  0x000001cfeb1c12e0 VMThread "VM Thread"                           [id=11316, stack(0x0000009ef4900000,0x0000009ef4a00000) (1024K)]
  0x000001cfeb0dba00 WatcherThread "VM Periodic Task Thread"        [id=19300, stack(0x0000009ef4800000,0x0000009ef4900000) (1024K)]
  0x000001cf9164eb60 WorkerThread "GC Thread#0"                     [id=12276, stack(0x0000009ef4700000,0x0000009ef4800000) (1024K)]
Total: 3

Threads with active compile tasks:
C2 CompilerThread0  875  661       4       lombok.patcher.PatchScript::classMatches (41 bytes)
C1 CompilerThread0  875  721       3       sun.security.provider.ByteArrayAccess::b2iBig64 (231 bytes)
C2 CompilerThread1  875  711       4       java.util.HashSet::iterator (13 bytes)
C2 CompilerThread2  876  639       4       lombok.patcher.scripts.MethodLevelPatchScript::patch (21 bytes)
Total: 4

VM state: not at safepoint (normal execution)

VM Mutex/Monitor currently owned by a thread: None

Heap address: 0x0000000080000000, size: 2048 MB, Compressed Oops mode: 32-bit

CDS archive(s) mapped at: [0x000001cfaa000000-0x000001cfaaba0000-0x000001cfaaba0000), size 12189696, SharedBaseAddress: 0x000001cfaa000000, ArchiveRelocationMode: 1.
Compressed class space mapped at: 0x000001cfab000000-0x000001cfeb000000, reserved size: 1073741824
Narrow klass base: 0x000001cfaa000000, Narrow klass shift: 0, Narrow klass range: 0x100000000

GC Precious Log:
 CardTable entry size: 512
 CPUs: 8 total, 8 available
 Memory: 7998M
 Large Page Support: Disabled
 NUMA Support: Disabled
 Compressed Oops: Enabled (32-bit)
 Alignments: Space 512K, Generation 512K, Heap 2M
 Heap Min Capacity: 100M
 Heap Initial Capacity: 100M
 Heap Max Capacity: 2G
 Pre-touch: Disabled
 Parallel Workers: 8

Heap:
 PSYoungGen      total 29696K, used 15030K [0x00000000d5580000, 0x00000000d7680000, 0x0000000100000000)
  eden space 25600K, 58% used [0x00000000d5580000,0x00000000d642db40,0x00000000d6e80000)
  from space 4096K, 0% used [0x00000000d7280000,0x00000000d7280000,0x00000000d7680000)
  to   space 4096K, 0% used [0x00000000d6e80000,0x00000000d6e80000,0x00000000d7280000)
 ParOldGen       total 68608K, used 0K [0x0000000080000000, 0x0000000084300000, 0x00000000d5580000)
  object space 68608K, 0% used [0x0000000080000000,0x0000000080000000,0x0000000084300000)
 Metaspace       used 2887K, committed 3072K, reserved 1114112K
  class space    used 300K, committed 384K, reserved 1048576K

Card table byte_map: [0x000001cfa5320000,0x000001cfa5730000] _byte_map_base: 0x000001cfa4f20000

Marking Bits: (ParMarkBitMap*) 0x00007ff8506e3450
 Begin Bits: [0x000001cfa59e0000, 0x000001cfa79e0000)
 End Bits:   [0x000001cfa79e0000, 0x000001cfa99e0000)

Polling page: 0x000001cf913c0000

Metaspace:

Usage:
  Non-class:      2.53 MB used.
      Class:    300.48 KB used.
       Both:      2.82 MB used.

Virtual space:
  Non-class space:       64.00 MB reserved,       2.62 MB (  4%) committed,  1 nodes.
      Class space:        1.00 GB reserved,     384.00 KB ( <1%) committed,  1 nodes.
             Both:        1.06 GB reserved,       3.00 MB ( <1%) committed. 

Chunk freelists:
   Non-Class:  11.65 MB
       Class:  15.67 MB
        Both:  27.32 MB

MaxMetaspaceSize: unlimited
CompressedClassSpaceSize: 1.00 GB
Initial GC threshold: 21.00 MB
Current GC threshold: 21.00 MB
CDS: on
 - commit_granule_bytes: 65536.
 - commit_granule_words: 8192.
 - virtual_space_node_default_size: 8388608.
 - enlarge_chunks_in_place: 1.
 - use_allocation_guard: 0.


Internal statistics:

num_allocs_failed_limit: 0.
num_arena_births: 82.
num_arena_deaths: 0.
num_vsnodes_births: 2.
num_vsnodes_deaths: 0.
num_space_committed: 48.
num_space_uncommitted: 0.
num_chunks_returned_to_freelist: 0.
num_chunks_taken_from_freelist: 104.
num_chunk_merges: 0.
num_chunk_splits: 73.
num_chunks_enlarged: 47.
num_inconsistent_stats: 0.

CodeHeap 'non-profiled nmethods': size=120000Kb used=269Kb max_used=269Kb free=119730Kb
 bounds [0x000001cf9dc10000, 0x000001cf9de80000, 0x000001cfa5140000]
CodeHeap 'profiled nmethods': size=120000Kb used=1073Kb max_used=1073Kb free=118926Kb
 bounds [0x000001cf96140000, 0x000001cf963b0000, 0x000001cf9d670000]
CodeHeap 'non-nmethods': size=5760Kb used=1186Kb max_used=1203Kb free=4573Kb
 bounds [0x000001cf9d670000, 0x000001cf9d8e0000, 0x000001cf9dc10000]
CodeCache: size=245760Kb, used=2528Kb, max_used=2545Kb, free=243229Kb
 total_blobs=1160, nmethods=717, adapters=350, full_count=0
Compilation: enabled, stopped_count=0, restarted_count=0

Compilation events (20 events):
Event: 0.824 Thread 0x000001cfeca78120 nmethod 698 0x000001cf9623ed10 code [0x000001cf9623eee0, 0x000001cf9623f2b8]
Event: 0.824 Thread 0x000001cfeca78120  699       3       java.lang.invoke.VarHandleByteArrayAsInts$ArrayHandle::index (12 bytes)
Event: 0.824 Thread 0x000001cfeca78120 nmethod 699 0x000001cf9623f490 code [0x000001cf9623f640, 0x000001cf9623f788]
Event: 0.824 Thread 0x000001cfeca78120  700       3       java.lang.invoke.VarHandle::checkAccessModeThenIsDirect (29 bytes)
Event: 0.825 Thread 0x000001cfeca78120 nmethod 700 0x000001cf9623f890 code [0x000001cf9623faa0, 0x000001cf96240308]
Event: 0.825 Thread 0x000001cfeca78120  701       3       java.lang.invoke.VarHandle::accessModeType (41 bytes)
Event: 0.825 Thread 0x000001cfeca78120 nmethod 701 0x000001cf96240610 code [0x000001cf96240800, 0x000001cf96240f30]
Event: 0.825 Thread 0x000001cfeca78120  703       3       java.lang.invoke.VarForm::getMemberName (38 bytes)
Event: 0.826 Thread 0x000001cfeca78120 nmethod 703 0x000001cf96241190 code [0x000001cf96241360, 0x000001cf962416b0]
Event: 0.826 Thread 0x000001cfecc88300  704       4       java.math.BigInteger::implMulAdd (81 bytes)
Event: 0.829 Thread 0x000001cfecc88300 nmethod 704 0x000001cf9dc50390 code [0x000001cf9dc50520, 0x000001cf9dc50698]
Event: 0.829 Thread 0x000001cfecc88300  705       4       java.math.BigInteger::mulAdd (19 bytes)
Event: 0.832 Thread 0x000001cfecc88300 nmethod 705 0x000001cf9dc50810 code [0x000001cf9dc509a0, 0x000001cf9dc50b60]
Event: 0.832 Thread 0x000001cfecc88300  707       4       java.math.BigInteger::addOne (77 bytes)
Event: 0.834 Thread 0x000001cfecc88300 nmethod 707 0x000001cf9dc50d10 code [0x000001cf9dc50ea0, 0x000001cf9dc51020]
Event: 0.835 Thread 0x000001cfecc88300  706       4       java.math.BigInteger::implMulAddCheck (176 bytes)
Event: 0.835 Thread 0x000001cfeca78120  708       3       java.lang.StringBuilder::<init> (6 bytes)
Event: 0.835 Thread 0x000001cfeca78120 nmethod 708 0x000001cf96241890 code [0x000001cf96241a40, 0x000001cf96241b78]
Event: 0.835 Thread 0x000001cfeca78120  709   !   3       java.lang.String::<init> (880 bytes)
Event: 0.837 Thread 0x000001cfecc88300 nmethod 706 0x000001cf9dc51190 code [0x000001cf9dc51320, 0x000001cf9dc51460]

GC Heap History (0 events):
No events

Dll operation events (8 events):
Event: 0.019 Loaded shared library c:\Users\HP\.vscode\extensions\redhat.java-1.54.0-win32-x64\jre\21.0.10-win32-x86_64\bin\java.dll
Event: 0.078 Loaded shared library c:\Users\HP\.vscode\extensions\redhat.java-1.54.0-win32-x64\jre\21.0.10-win32-x86_64\bin\zip.dll
Event: 0.198 Loaded shared library C:\Users\HP\.vscode\extensions\redhat.java-1.54.0-win32-x64\jre\21.0.10-win32-x86_64\bin\instrument.dll
Event: 0.207 Loaded shared library C:\Users\HP\.vscode\extensions\redhat.java-1.54.0-win32-x64\jre\21.0.10-win32-x86_64\bin\net.dll
Event: 0.211 Loaded shared library C:\Users\HP\.vscode\extensions\redhat.java-1.54.0-win32-x64\jre\21.0.10-win32-x86_64\bin\nio.dll
Event: 0.216 Loaded shared library C:\Users\HP\.vscode\extensions\redhat.java-1.54.0-win32-x64\jre\21.0.10-win32-x86_64\bin\zip.dll
Event: 0.250 Loaded shared library C:\Users\HP\.vscode\extensions\redhat.java-1.54.0-win32-x64\jre\21.0.10-win32-x86_64\bin\jimage.dll
Event: 0.389 Loaded shared library c:\Users\HP\.vscode\extensions\redhat.java-1.54.0-win32-x64\jre\21.0.10-win32-x86_64\bin\verify.dll

Deoptimization events (20 events):
Event: 0.811 Thread 0x000001cf91630510 DEOPT PACKING pc=0x000001cf96236304 sp=0x0000009ef46fd230
Event: 0.811 Thread 0x000001cf91630510 DEOPT UNPACKING pc=0x000001cf9d6c4242 sp=0x0000009ef46fc688 mode 0
Event: 0.811 Thread 0x000001cf91630510 DEOPT PACKING pc=0x000001cf96236304 sp=0x0000009ef46fd1b0
Event: 0.811 Thread 0x000001cf91630510 DEOPT UNPACKING pc=0x000001cf9d6c4242 sp=0x0000009ef46fc608 mode 0
Event: 0.811 Thread 0x000001cf91630510 DEOPT PACKING pc=0x000001cf96236304 sp=0x0000009ef46fd230
Event: 0.811 Thread 0x000001cf91630510 DEOPT UNPACKING pc=0x000001cf9d6c4242 sp=0x0000009ef46fc688 mode 0
Event: 0.811 Thread 0x000001cf91630510 DEOPT PACKING pc=0x000001cf96236304 sp=0x0000009ef46fd230
Event: 0.811 Thread 0x000001cf91630510 DEOPT UNPACKING pc=0x000001cf9d6c4242 sp=0x0000009ef46fc688 mode 0
Event: 0.814 Thread 0x000001cf91630510 DEOPT PACKING pc=0x000001cf96236304 sp=0x0000009ef46fd220
Event: 0.814 Thread 0x000001cf91630510 DEOPT UNPACKING pc=0x000001cf9d6c4242 sp=0x0000009ef46fc678 mode 0
Event: 0.814 Thread 0x000001cf91630510 DEOPT PACKING pc=0x000001cf96236304 sp=0x0000009ef46fd220
Event: 0.814 Thread 0x000001cf91630510 DEOPT UNPACKING pc=0x000001cf9d6c4242 sp=0x0000009ef46fc678 mode 0
Event: 0.814 Thread 0x000001cf91630510 DEOPT PACKING pc=0x000001cf96236304 sp=0x0000009ef46fd340
Event: 0.814 Thread 0x000001cf91630510 DEOPT UNPACKING pc=0x000001cf9d6c4242 sp=0x0000009ef46fc798 mode 0
Event: 0.814 Thread 0x000001cf91630510 DEOPT PACKING pc=0x000001cf96236304 sp=0x0000009ef46fd340
Event: 0.814 Thread 0x000001cf91630510 DEOPT UNPACKING pc=0x000001cf9d6c4242 sp=0x0000009ef46fc798 mode 0
Event: 0.824 Thread 0x000001cf91630510 Uncommon trap: trap_request=0xffffff6e fr.pc=0x000001cf9dc4f92c relative=0x000000000000020c
Event: 0.826 Thread 0x000001cf91630510 Uncommon trap: reason=loop_limit_check action=maybe_recompile pc=0x000001cf9dc4f92c method=java.math.BigInteger.implMulAdd([I[IIII)I @ 26 c2
Event: 0.826 Thread 0x000001cf91630510 DEOPT PACKING pc=0x000001cf9dc4f92c sp=0x0000009ef46fd410
Event: 0.826 Thread 0x000001cf91630510 DEOPT UNPACKING pc=0x000001cf9d6c3aa2 sp=0x0000009ef46fd360 mode 2

Classes loaded (20 events):
Event: 0.795 Loading class java/math/MutableBigInteger
Event: 0.795 Loading class java/math/MutableBigInteger done
Event: 0.818 Loading class sun/security/provider/certpath/X509CertPath
Event: 0.818 Loading class java/security/cert/CertPath
Event: 0.818 Loading class java/security/cert/CertPath done
Event: 0.819 Loading class sun/security/provider/certpath/X509CertPath done
Event: 0.819 Loading class sun/security/timestamp/TimestampToken
Event: 0.819 Loading class sun/security/timestamp/TimestampToken done
Event: 0.820 Loading class java/security/Timestamp
Event: 0.820 Loading class java/security/Timestamp done
Event: 0.835 Loading class java/security/CodeSigner
Event: 0.836 Loading class java/security/CodeSigner done
Event: 0.836 Loading class sun/security/util/JarConstraintsParameters
Event: 0.836 Loading class sun/security/util/ConstraintsParameters
Event: 0.836 Loading class sun/security/util/ConstraintsParameters done
Event: 0.836 Loading class sun/security/util/JarConstraintsParameters done
Event: 0.837 Loading class java/security/interfaces/ECKey
Event: 0.837 Loading class java/security/interfaces/ECKey done
Event: 0.837 Loading class java/security/interfaces/XECKey
Event: 0.837 Loading class java/security/interfaces/XECKey done

Classes unloaded (0 events):
No events

Classes redefined (0 events):
No events

Internal exceptions (12 events):
Event: 0.142 Thread 0x000001cf91630510 Exception <a 'java/lang/NoSuchMethodError'{0x00000000d579eb88}: 'void java.lang.invoke.DirectMethodHandle$Holder.invokeStatic(java.lang.Object, java.lang.Object, java.lang.Object)'> (0x00000000d579eb88) 
thrown [s\src\hotspot\share\interpreter\linkResolver.cpp, line 773]
Event: 0.240 Thread 0x000001cf91630510 Exception <a 'java/lang/NoSuchMethodError'{0x00000000d5907c30}: 'java.lang.Object java.lang.invoke.Invokers$Holder.invokeExact_MT(java.lang.Object, java.lang.Object, java.lang.Object, java.lang.Object, java.lang.Object)'> (0x00000000d5907c30) 
thrown [s\src\hotspot\share\interpreter\linkResolver.cpp, line 773]
Event: 0.319 Thread 0x000001cf91630510 Exception <a 'java/lang/NoSuchMethodError'{0x00000000d59bfcf0}: 'int java.lang.invoke.DirectMethodHandle$Holder.invokeSpecial(java.lang.Object, java.lang.Object, java.lang.Object, int)'> (0x00000000d59bfcf0) 
thrown [s\src\hotspot\share\interpreter\linkResolver.cpp, line 773]
Event: 0.324 Thread 0x000001cf91630510 Exception <a 'java/lang/NoSuchMethodError'{0x00000000d59d26d8}: 'java.lang.Object java.lang.invoke.DirectMethodHandle$Holder.invokeStatic(java.lang.Object, java.lang.Object, java.lang.Object, java.lang.Object, int)'> (0x00000000d59d26d8) 
thrown [s\src\hotspot\share\interpreter\linkResolver.cpp, line 773]
Event: 0.326 Thread 0x000001cf91630510 Exception <a 'java/lang/NoSuchMethodError'{0x00000000d59ddb18}: 'void java.lang.invoke.DelegatingMethodHandle$Holder.reinvoke_L(java.lang.Object, java.lang.Object, java.lang.Object, int, java.lang.Object)'> (0x00000000d59ddb18) 
thrown [s\src\hotspot\share\interpreter\linkResolver.cpp, line 773]
Event: 0.327 Thread 0x000001cf91630510 Exception <a 'java/lang/NoSuchMethodError'{0x00000000d59e1550}: 'int java.lang.invoke.DirectMethodHandle$Holder.invokeSpecial(java.lang.Object, java.lang.Object, java.lang.Object)'> (0x00000000d59e1550) 
thrown [s\src\hotspot\share\interpreter\linkResolver.cpp, line 773]
Event: 0.335 Thread 0x000001cf91630510 Exception <a 'java/lang/NoSuchMethodError'{0x00000000d59fa3e8}: 'java.lang.Object java.lang.invoke.DirectMethodHandle$Holder.invokeStatic(java.lang.Object, java.lang.Object, int)'> (0x00000000d59fa3e8) 
thrown [s\src\hotspot\share\interpreter\linkResolver.cpp, line 773]
Event: 0.336 Thread 0x000001cf91630510 Exception <a 'java/lang/NoSuchMethodError'{0x00000000d59fed38}: 'void java.lang.invoke.DirectMethodHandle$Holder.invokeStatic(java.lang.Object, java.lang.Object, int, java.lang.Object)'> (0x00000000d59fed38) 
thrown [s\src\hotspot\share\interpreter\linkResolver.cpp, line 773]
Event: 0.337 Thread 0x000001cf91630510 Exception <a 'java/lang/NoSuchMethodError'{0x00000000d5a028c8}: 'void java.lang.invoke.DirectMethodHandle$Holder.invokeSpecial(java.lang.Object, java.lang.Object, java.lang.Object, int, java.lang.Object)'> (0x00000000d5a028c8) 
thrown [s\src\hotspot\share\interpreter\linkResolver.cpp, line 773]
Event: 0.338 Thread 0x000001cf91630510 Exception <a 'java/lang/NoSuchMethodError'{0x00000000d5a05d38}: 'void java.lang.invoke.DelegatingMethodHandle$Holder.delegate(java.lang.Object, java.lang.Object, int, java.lang.Object)'> (0x00000000d5a05d38) 
thrown [s\src\hotspot\share\interpreter\linkResolver.cpp, line 773]
Event: 0.432 Thread 0x000001cf91630510 Exception <a 'java/lang/NoSuchMethodError'{0x00000000d5bc56f0}: 'void java.lang.invoke.DelegatingMethodHandle$Holder.reinvoke_L(java.lang.Object, java.lang.Object, java.lang.Object, int)'> (0x00000000d5bc56f0) 
thrown [s\src\hotspot\share\interpreter\linkResolver.cpp, line 773]
Event: 0.651 Thread 0x000001cf91630510 Exception <a 'java/lang/NoSuchMethodError'{0x00000000d6057ec0}: 'void java.lang.invoke.DirectMethodHandle$Holder.invokeVirtual(java.lang.Object, java.lang.Object)'> (0x00000000d6057ec0) 
thrown [s\src\hotspot\share\interpreter\linkResolver.cpp, line 773]

ZGC Phase Switch (0 events):
No events

VM Operations (4 events):
Event: 0.148 Executing non-safepoint VM operation: HandshakeAllThreads (Deoptimize)
Event: 0.148 Executing non-safepoint VM operation: HandshakeAllThreads (Deoptimize) done
Event: 0.280 Executing non-safepoint VM operation: HandshakeAllThreads (Deoptimize)
Event: 0.280 Executing non-safepoint VM operation: HandshakeAllThreads (Deoptimize) done

Memory protections (0 events):
No events

Nmethod flushes (0 events):
No events

Events (13 events):
Event: 0.050 Thread 0x000001cf91630510 Thread added: 0x000001cf91630510
Event: 0.081 Thread 0x000001cf91630510 Thread added: 0x000001cf916e63d0
Event: 0.081 Thread 0x000001cf91630510 Thread added: 0x000001cfeb1c6540
Event: 0.081 Thread 0x000001cf91630510 Thread added: 0x000001cfeb1ca680
Event: 0.082 Thread 0x000001cf91630510 Thread added: 0x000001cf916e6fd0
Event: 0.082 Thread 0x000001cf91630510 Thread added: 0x000001cf916ead50
Event: 0.082 Thread 0x000001cf91630510 Thread added: 0x000001cf916ed3d0
Event: 0.082 Thread 0x000001cf91630510 Thread added: 0x000001cfeb1d2ff0
Event: 0.084 Thread 0x000001cf91630510 Thread added: 0x000001cfeca78120
Event: 0.202 Thread 0x000001cf91630510 Thread added: 0x000001cfecc39740
Event: 0.376 Thread 0x000001cfeca78120 Thread added: 0x000001cfecc88300
Event: 0.553 Thread 0x000001cf91630510 Thread added: 0x000001cfecd76e20
Event: 0.703 Thread 0x000001cfeca78120 Thread added: 0x000001cff10210b0


Dynamic libraries:
0x00007ff749320000 - 0x00007ff74932e000 	c:\Users\HP\.vscode\extensions\redhat.java-1.54.0-win32-x64\jre\21.0.10-win32-x86_64\bin\java.exe
0x00007ff90b960000 - 0x00007ff90bbc7000 	C:\WINDOWS\SYSTEM32\ntdll.dll
0x00007ff9098f0000 - 0x00007ff9099b9000 	C:\WINDOWS\System32\KERNEL32.DLL
0x00007ff908ab0000 - 0x00007ff908e9f000 	C:\WINDOWS\System32\KERNELBASE.dll
0x00007ff908eb0000 - 0x00007ff908ffb000 	C:\WINDOWS\System32\ucrtbase.dll
0x00007ff8f19e0000 - 0x00007ff8f19f8000 	c:\Users\HP\.vscode\extensions\redhat.java-1.54.0-win32-x64\jre\21.0.10-win32-x86_64\bin\jli.dll
0x00007ff8f19c0000 - 0x00007ff8f19de000 	c:\Users\HP\.vscode\extensions\redhat.java-1.54.0-win32-x64\jre\21.0.10-win32-x86_64\bin\VCRUNTIME140.dll
0x00007ff90ae00000 - 0x00007ff90afc5000 	C:\WINDOWS\System32\USER32.dll
0x00007ff8f0a70000 - 0x00007ff8f0d03000 	C:\WINDOWS\WinSxS\amd64_microsoft.windows.common-controls_6595b64144ccf1df_6.0.26100.7309_none_3e05feeae336a044\COMCTL32.dll
0x00007ff9093f0000 - 0x00007ff909417000 	C:\WINDOWS\System32\win32u.dll
0x00007ff9099c0000 - 0x00007ff909a69000 	C:\WINDOWS\System32\msvcrt.dll
0x00007ff909700000 - 0x00007ff90972b000 	C:\WINDOWS\System32\GDI32.dll
0x00007ff9092c0000 - 0x00007ff9093ec000 	C:\WINDOWS\System32\gdi32full.dll
0x00007ff909650000 - 0x00007ff9096f3000 	C:\WINDOWS\System32\msvcp_win.dll
0x00007ff90b120000 - 0x00007ff90b151000 	C:\WINDOWS\System32\IMM32.DLL
0x00007ff8f1310000 - 0x00007ff8f131c000 	c:\Users\HP\.vscode\extensions\redhat.java-1.54.0-win32-x64\jre\21.0.10-win32-x86_64\bin\vcruntime140_1.dll
0x00007ff8dd8c0000 - 0x00007ff8dd94d000 	c:\Users\HP\.vscode\extensions\redhat.java-1.54.0-win32-x64\jre\21.0.10-win32-x86_64\bin\msvcp140.dll
0x00007ff84fa20000 - 0x00007ff8507c1000 	c:\Users\HP\.vscode\extensions\redhat.java-1.54.0-win32-x64\jre\21.0.10-win32-x86_64\bin\server\jvm.dll
0x00007ff909730000 - 0x00007ff9097e4000 	C:\WINDOWS\System32\ADVAPI32.dll
0x00007ff90b160000 - 0x00007ff90b206000 	C:\WINDOWS\System32\sechost.dll
0x00007ff90b660000 - 0x00007ff90b778000 	C:\WINDOWS\System32\RPCRT4.dll
0x00007ff90ab40000 - 0x00007ff90abb4000 	C:\WINDOWS\System32\WS2_32.dll
0x00007ff908930000 - 0x00007ff90898e000 	C:\WINDOWS\SYSTEM32\POWRPROF.dll
0x00007ff8f6250000 - 0x00007ff8f6285000 	C:\WINDOWS\SYSTEM32\WINMM.dll
0x00007ff901fe0000 - 0x00007ff901feb000 	C:\WINDOWS\SYSTEM32\VERSION.dll
0x00007ff908910000 - 0x00007ff908924000 	C:\WINDOWS\SYSTEM32\UMPDC.dll
0x00007ff907820000 - 0x00007ff90783b000 	C:\WINDOWS\SYSTEM32\kernel.appcore.dll
0x00007ff8eeb70000 - 0x00007ff8eeb7a000 	c:\Users\HP\.vscode\extensions\redhat.java-1.54.0-win32-x64\jre\21.0.10-win32-x86_64\bin\jimage.dll
0x00007ff9062b0000 - 0x00007ff9064f2000 	C:\WINDOWS\SYSTEM32\DBGHELP.DLL
0x00007ff90b2d0000 - 0x00007ff90b655000 	C:\WINDOWS\System32\combase.dll
0x00007ff90ac40000 - 0x00007ff90ad16000 	C:\WINDOWS\System32\OLEAUT32.dll
0x00007ff8f0a00000 - 0x00007ff8f0a3c000 	C:\WINDOWS\SYSTEM32\dbgcore.DLL
0x00007ff909420000 - 0x00007ff9094c5000 	C:\WINDOWS\System32\bcryptPrimitives.dll
0x00007ff9034e0000 - 0x00007ff9034ef000 	c:\Users\HP\.vscode\extensions\redhat.java-1.54.0-win32-x64\jre\21.0.10-win32-x86_64\bin\instrument.dll
0x00007ff8e1a50000 - 0x00007ff8e1a70000 	c:\Users\HP\.vscode\extensions\redhat.java-1.54.0-win32-x64\jre\21.0.10-win32-x86_64\bin\java.dll
0x00007ff909ce0000 - 0x00007ff90a433000 	C:\WINDOWS\System32\SHELL32.dll
0x00007ff9090c0000 - 0x00007ff90922a000 	C:\WINDOWS\System32\wintypes.dll
0x00007ff906690000 - 0x00007ff906eee000 	C:\WINDOWS\SYSTEM32\windows.storage.dll
0x00007ff909be0000 - 0x00007ff909cd5000 	C:\WINDOWS\System32\SHCORE.dll
0x00007ff90b210000 - 0x00007ff90b276000 	C:\WINDOWS\System32\shlwapi.dll
0x00007ff9089d0000 - 0x00007ff9089f9000 	C:\WINDOWS\SYSTEM32\profapi.dll
0x00007ff8e0fe0000 - 0x00007ff8e0ff8000 	c:\Users\HP\.vscode\extensions\redhat.java-1.54.0-win32-x64\jre\21.0.10-win32-x86_64\bin\zip.dll
0x00007ff8eea70000 - 0x00007ff8eea80000 	C:\Users\HP\.vscode\extensions\redhat.java-1.54.0-win32-x64\jre\21.0.10-win32-x86_64\bin\net.dll
0x00007ff900340000 - 0x00007ff900468000 	C:\WINDOWS\SYSTEM32\WINHTTP.dll
0x00007ff907d70000 - 0x00007ff907ddb000 	C:\WINDOWS\system32\mswsock.dll
0x00007ff8e0c20000 - 0x00007ff8e0c36000 	C:\Users\HP\.vscode\extensions\redhat.java-1.54.0-win32-x64\jre\21.0.10-win32-x86_64\bin\nio.dll
0x00007ff9034d0000 - 0x00007ff9034e0000 	c:\Users\HP\.vscode\extensions\redhat.java-1.54.0-win32-x64\jre\21.0.10-win32-x86_64\bin\verify.dll

JVMTI agents:
c:\Users\HP\.vscode\extensions\redhat.java-1.54.0-win32-x64\lombok\lombok-1.18.39-4050.jar path:c:\Users\HP\.vscode\extensions\redhat.java-1.54.0-win32-x64\jre\21.0.10-win32-x86_64\bin\instrument.dll, loaded, initialized, instrumentlib options:none

dbghelp: loaded successfully - version: 4.0.5 - missing functions: none
symbol engine: initialized successfully - sym options: 0x614 - pdb path: .;c:\Users\HP\.vscode\extensions\redhat.java-1.54.0-win32-x64\jre\21.0.10-win32-x86_64\bin;C:\WINDOWS\SYSTEM32;C:\WINDOWS\WinSxS\amd64_microsoft.windows.common-controls_6595b64144ccf1df_6.0.26100.7309_none_3e05feeae336a044;c:\Users\HP\.vscode\extensions\redhat.java-1.54.0-win32-x64\jre\21.0.10-win32-x86_64\bin\server

VM Arguments:
jvm_args: --add-modules=ALL-SYSTEM --add-opens=java.base/java.util=ALL-UNNAMED --add-opens=java.base/java.lang=ALL-UNNAMED --add-opens=java.base/sun.nio.fs=ALL-UNNAMED -Declipse.application=org.eclipse.jdt.ls.core.id1 -Dosgi.bundles.defaultStartLevel=4 -Declipse.product=org.eclipse.jdt.ls.core.product -Djava.import.generatesMetadataFilesAtProjectRoot=false -DDetectVMInstallationsJob.disabled=true -Dfile.encoding=utf8 -XX:+UseParallelGC -XX:GCTimeRatio=4 -XX:AdaptiveSizePolicyWeight=90 -Dsun.zip.disableMemoryMapping=true -Xmx2G -Xms100m -Xlog:disable -javaagent:c:\Users\HP\.vscode\extensions\redhat.java-1.54.0-win32-x64\lombok\lombok-1.18.39-4050.jar -XX:+HeapDumpOnOutOfMemoryError -XX:HeapDumpPath=c:\Users\HP\AppData\Roaming\Code\User\workspaceStorage\689e11271c5e45e4975d25ebac17d9ed\redhat.java -Daether.dependencyCollector.impl=bf 
java_command: c:\Users\HP\.vscode\extensions\redhat.java-1.54.0-win32-x64\server\plugins\org.eclipse.equinox.launcher_1.7.100.v20251111-0406.jar -configuration c:\Users\HP\AppData\Roaming\Code\User\globalStorage\redhat.java\1.54.0\config_win -data c:\Users\HP\AppData\Roaming\Code\User\workspaceStorage\689e11271c5e45e4975d25ebac17d9ed\redhat.java\jdt_ws --pipe=\\.\pipe\lsp-f99ef069cc6ea3655e72118fed131f08-sock
java_class_path (initial): c:\Users\HP\.vscode\extensions\redhat.java-1.54.0-win32-x64\server\plugins\org.eclipse.equinox.launcher_1.7.100.v20251111-0406.jar
Launcher Type: SUN_STANDARD

[Global flags]
    uintx AdaptiveSizePolicyWeight                 = 90                                        {product} {command line}
     intx CICompilerCount                          = 4                                         {product} {ergonomic}
    uintx GCTimeRatio                              = 4                                         {product} {command line}
     bool HeapDumpOnOutOfMemoryError               = true                                   {manageable} {command line}
    ccstr HeapDumpPath                             = c:\Users\HP\AppData\Roaming\Code\User\workspaceStorage\689e11271c5e45e4975d25ebac17d9ed\redhat.java         {manageable} {command line}
   size_t InitialHeapSize                          = 104857600                                 {product} {command line}
   size_t MaxHeapSize                              = 2147483648                                {product} {command line}
   size_t MaxNewSize                               = 715653120                                 {product} {ergonomic}
   size_t MinHeapDeltaBytes                        = 524288                                    {product} {ergonomic}
   size_t MinHeapSize                              = 104857600                                 {product} {command line}
   size_t NewSize                                  = 34603008                                  {product} {ergonomic}
    uintx NonNMethodCodeHeapSize                   = 5839372                                {pd product} {ergonomic}
    uintx NonProfiledCodeHeapSize                  = 122909434                              {pd product} {ergonomic}
   size_t OldSize                                  = 70254592                                  {product} {ergonomic}
    uintx ProfiledCodeHeapSize                     = 122909434                              {pd product} {ergonomic}
    uintx ReservedCodeCacheSize                    = 251658240                              {pd product} {ergonomic}
     bool SegmentedCodeCache                       = true                                      {product} {ergonomic}
   size_t SoftMaxHeapSize                          = 2147483648                             {manageable} {ergonomic}
     bool UseCompressedOops                        = true                           {product lp64_product} {ergonomic}
     bool UseLargePagesIndividualAllocation        = false                                  {pd product} {ergonomic}
     bool UseParallelGC                            = true                                      {product} {command line}

Logging:
Log output configuration:
 #0: stdout all=off uptime,level,tags foldmultilines=false
 #1: stderr all=off uptime,level,tags foldmultilines=false

Release file:
JAVA_VERSION="21.0.10" 
MODULES="java.base java.compiler java.datatransfer java.xml java.prefs java.desktop java.instrument java.logging java.management java.security.sasl java.naming java.rmi java.management.rmi java.net.http java.scripting java.security.jgss java.transaction.xa java.sql java.sql.rowset java.xml.crypto java.se java.smartcardio jdk.accessibility jdk.internal.jvmstat jdk.attach jdk.charsets jdk.internal.opt jdk.zipfs jdk.compiler jdk.crypto.ec jdk.crypto.cryptoki jdk.crypto.mscapi jdk.dynalink jdk.internal.ed jdk.editpad jdk.hotspot.agent jdk.httpserver jdk.internal.le jdk.internal.vm.ci jdk.internal.vm.compiler jdk.internal.vm.compiler.management jdk.jartool jdk.javadoc jdk.jcmd jdk.management jdk.management.agent jdk.jconsole jdk.jdeps jdk.jdwp.agent jdk.jdi jdk.jfr jdk.jshell jdk.jsobject jdk.jstatd jdk.localedata jdk.management.jfr jdk.naming.dns jdk.naming.rmi jdk.net jdk.nio.mapmode jdk.random jdk.sctp jdk.security.auth jdk.security.jgss jdk.unsupported jdk.unsupported.desktop jdk.xml.dom" 

Environment Variables:
PATH=C:\oracle\product\11.2.0\dbhome_1\bin;C:\Users\HP\Desktop\WINDOWS.X64_193000_db_home\bin;C:\Program Files\Common Files\Oracle\Java\javapath;C:\Python313\;C:\WINDOWS;C:\WINDOWS\System32\Wbem;C:\WINDOWS\System32\WindowsPowerShell\v1.0\;C:\WINDOWS\System32\OpenSSH\;C:\Program Files\nodejs\;C:\ProgramData\chocolatey\bin;C:\composer;C:\ProgramData\ComposerSetup\bin;C:\Python313\Scripts\;C:\ProgramData\ComposerSetup\bin;C:\wamp64\bin\php\php8.1.31;C:\Users\HP\.config\herd\bin\nvm;C:\Program Files\nodejs;C:\Program Files\Docker\Docker\resources\bin;C:\ProgramData\ComposerSetup\bin;C:\wamp64\bin\php\php8.1.31\php.exe;C:\Program Files\Microsoft SQL Server\150\Tools\Binn\;C:\Program Files\Microsoft SQL Server\Client SDK\ODBC\170\Tools\Binn\;C:\Program Files (x86)\Microsoft SQL Server\160\Tools\Binn\;C:\Program Files\Microsoft SQL Server\160\Tools\Binn\;C:\Program Files\Microsoft SQL Server\160\DTS\Binn\;C:\Program Files\jdk-25_windows-x64_bin\jdk-25.0.2\bin;C:\Program Files\ruffle\bin\;C:\Program Files\php-8.4.13;C:\Users\HP\Downloads\flutter\bin;C:\Program Files\Git\cmd;C:\Windows;C:\Windows\System32;C:\Windows\System32\Wbem;C:\Windows\System32\WindowsPowerShell\v1.0\;C:\Users\HP\Downloads\flutter\flutter\bin;C:\Program Files\dotnet\;C:\Program Files\MySQL\MySQL Shell 8.0\bin\;C:\Users\HP\.config\herd-lite\bin;C:\Users\HP\AppData\Local\Programs\Python\Python314\Scripts\;C:\Users\HP\AppData\Local\Programs\Python\Python314\;C:\Users\HP\AppData\Local\Microsoft\WindowsApps;C:\Users\HP\AppData\Roaming\npm;C:\Users\HP\AppData\Roaming\composer\vendor\bin;C:\php;C:\wamp64\bin\php\php8.1.31;C:\ProgramData\ComposerSetup\bin;C:\Users\HP\.dotnet\tools;C:\Program Files\Git;C:\Program Files\Git\cmd;C:\Users\HP\Downloads\flutter\bin;C:\Users\HP\AppData\Local\Programs\Microsoft VS Code\bin
USERNAME=HP
OS=Windows_NT
PROCESSOR_IDENTIFIER=Intel64 Family 6 Model 142 Stepping 12, GenuineIntel
TMP=C:\Users\HP\AppData\Local\Temp
TEMP=C:\Users\HP\AppData\Local\Temp




Periodic native trim disabled

---------------  S Y S T E M  ---------------

OS:
 Windows 11 , 64 bit Build 26100 (10.0.26100.7309)
OS uptime: 0 days 0:36 hours
Hyper-V role detected

CPU: total 8 (initial active 8) (4 cores per cpu, 2 threads per core) family 6 model 142 stepping 12 microcode 0x100, cx8, cmov, fxsr, ht, mmx, 3dnowpref, sse, sse2, sse3, ssse3, sse4.1, sse4.2, popcnt, lzcnt, tsc, tscinvbit, avx, avx2, aes, erms, clmul, bmi1, bmi2, adx, fma, vzeroupper, clflush, clflushopt, hv, rdtscp, f16c
Processor Information for the first 8 processors :
  Max Mhz: 1896, Current Mhz: 1596, Mhz Limit: 1592

Memory: 4k page, system-wide physical 7998M (838M free)
TotalPageFile size 16380M (AvailPageFile size 2M)
current process WorkingSet (physical memory assigned to process): 65M, peak: 65M
current process commit charge ("private bytes"): 235M, peak: 235M

vm_info: OpenJDK 64-Bit Server VM (21.0.10+7-LTS) for windows-amd64 JRE (21.0.10+7-LTS), built on 2026-01-20T00:00:00Z by "admin" with MS VC++ 17.12 (VS2022)

END.
